ERROR - 2024-09-02 00:41:15 --> mysqli_sql_exception: Cannot add or update a child row: a foreign key constraint fails (`bddsastreria`.`producto`, CONSTRAINT `fk_producto_usuario1` FOREIGN KEY (`idUsuario`) REFERENCES `usuario` (`id`)) in C:\xampp\htdocs\code4\system\Database\MySQLi\Connection.php:306
Stack trace:
#0 C:\xampp\htdocs\code4\system\Database\MySQLi\Connection.php(306): mysqli->query('INSERT INTO `pr...', 0)
#1 C:\xampp\htdocs\code4\system\Database\BaseConnection.php(692): CodeIgniter\Database\MySQLi\Connection->execute('INSERT INTO `pr...')
#2 C:\xampp\htdocs\code4\system\Database\BaseConnection.php(606): CodeIgniter\Database\BaseConnection->simpleQuery('INSERT INTO `pr...')
#3 C:\xampp\htdocs\code4\system\Database\BaseBuilder.php(2308): CodeIgniter\Database\BaseConnection->query('INSERT INTO `pr...', Array, false)
#4 C:\xampp\htdocs\code4\system\Model.php(319): CodeIgniter\Database\BaseBuilder->insert()
#5 C:\xampp\htdocs\code4\system\BaseModel.php(788): CodeIgniter\Model->doInsert(Array)
#6 C:\xampp\htdocs\code4\system\Model.php(715): CodeIgniter\BaseModel->insert(Array, true)
#7 C:\xampp\htdocs\code4\app\Controllers\Productos.php(51): CodeIgniter\Model->insert(Array)
#8 C:\xampp\htdocs\code4\system\CodeIgniter.php(919): App\Controllers\Productos->guardar()
#9 C:\xampp\htdocs\code4\system\CodeIgniter.php(494): CodeIgniter\CodeIgniter->runController(Object(App\Controllers\Productos))
#10 C:\xampp\htdocs\code4\system\CodeIgniter.php(353): CodeIgniter\CodeIgniter->handleRequest(NULL, Object(Config\Cache), false)
#11 C:\xampp\htdocs\code4\public\index.php(79): CodeIgniter\CodeIgniter->run()
#12 {main}
CRITICAL - 2024-09-02 00:41:15 --> Cannot add or update a child row: a foreign key constraint fails (`bddsastreria`.`producto`, CONSTRAINT `fk_producto_usuario1` FOREIGN KEY (`idUsuario`) REFERENCES `usuario` (`id`))
in SYSTEMPATH\Database\BaseConnection.php on line 646.
 1 SYSTEMPATH\Database\BaseBuilder.php(2308): CodeIgniter\Database\BaseConnection->query('INSERT INTO `producto` (`nombreProducto`, `descripcion`, `precio`, `estado`, `fechaRegistro`, `fechaActualizacion`, `imagen`) VALUES (:nombreProducto:, :descripcion:, :precio:, :estado:, :fechaRegistro:, :fechaActualizacion:, :imagen:)', [...], false)
 2 SYSTEMPATH\Model.php(319): CodeIgniter\Database\BaseBuilder->insert()
 3 SYSTEMPATH\BaseModel.php(788): CodeIgniter\Model->doInsert([...])
 4 SYSTEMPATH\Model.php(715): CodeIgniter\BaseModel->insert([...], true)
 5 APPPATH\Controllers\Productos.php(51): CodeIgniter\Model->insert([...])
 6 SYSTEMPATH\CodeIgniter.php(919): App\Controllers\Productos->guardar()
 7 SYSTEMPATH\CodeIgniter.php(494): CodeIgniter\CodeIgniter->runController(Object(App\Controllers\Productos))
 8 SYSTEMPATH\CodeIgniter.php(353): CodeIgniter\CodeIgniter->handleRequest(null, Object(Config\Cache), false)
 9 FCPATH\index.php(79): CodeIgniter\CodeIgniter->run()
ERROR - 2024-09-02 00:45:20 --> Credenciales inválidas para el usuario: ramos.jhonathan.951@gmai.com
ERROR - 2024-09-02 03:50:17 --> Credenciales inválidas para el usuario: rubick@gmail.com
ERROR - 2024-09-02 03:50:29 --> Credenciales inválidas para el usuario: rubick@gmail.com
ERROR - 2024-09-02 03:50:45 --> Credenciales inválidas para el usuario: rubick@gmail.com
ERROR - 2024-09-02 03:50:51 --> Credenciales inválidas para el usuario: rubick@gmail.com
ERROR - 2024-09-02 04:25:46 --> Credenciales inválidas para el usuario: ramos.jhonathan.951@gmai.com
ERROR - 2024-09-02 04:25:55 --> Credenciales inválidas para el usuario: ramos.jhonathan.951@gmai.com
