CRITICAL - 2024-08-23 01:10:26 --> Invalid file: "login.php"
in SYSTEMPATH\Exceptions\FrameworkException.php on line 39.
 1 SYSTEMPATH\View\View.php(214): CodeIgniter\Exceptions\FrameworkException::forInvalidFile('login.php')
 2 SYSTEMPATH\Common.php(1188): CodeIgniter\View\View->render('login', [], true)
 3 APPPATH\Controllers\Auth.php(15): view('login')
 4 SYSTEMPATH\CodeIgniter.php(919): App\Controllers\Auth->login()
 5 SYSTEMPATH\CodeIgniter.php(494): CodeIgniter\CodeIgniter->runController(Object(App\Controllers\Auth))
 6 SYSTEMPATH\CodeIgniter.php(353): CodeIgniter\CodeIgniter->handleRequest(null, Object(Config\Cache), false)
 7 FCPATH\index.php(79): CodeIgniter\CodeIgniter->run()
CRITICAL - 2024-08-23 01:10:34 --> Invalid file: "login.php"
in SYSTEMPATH\Exceptions\FrameworkException.php on line 39.
 1 SYSTEMPATH\View\View.php(214): CodeIgniter\Exceptions\FrameworkException::forInvalidFile('login.php')
 2 SYSTEMPATH\Common.php(1188): CodeIgniter\View\View->render('login', [], true)
 3 APPPATH\Controllers\Auth.php(28): view('login')
 4 SYSTEMPATH\CodeIgniter.php(919): App\Controllers\Auth->login()
 5 SYSTEMPATH\CodeIgniter.php(494): CodeIgniter\CodeIgniter->runController(Object(App\Controllers\Auth))
 6 SYSTEMPATH\CodeIgniter.php(353): CodeIgniter\CodeIgniter->handleRequest(null, Object(Config\Cache), false)
 7 FCPATH\index.php(79): CodeIgniter\CodeIgniter->run()
CRITICAL - 2024-08-23 01:10:35 --> Invalid file: "login.php"
in SYSTEMPATH\Exceptions\FrameworkException.php on line 39.
 1 SYSTEMPATH\View\View.php(214): CodeIgniter\Exceptions\FrameworkException::forInvalidFile('login.php')
 2 SYSTEMPATH\Common.php(1188): CodeIgniter\View\View->render('login', [], true)
 3 APPPATH\Controllers\Auth.php(28): view('login')
 4 SYSTEMPATH\CodeIgniter.php(919): App\Controllers\Auth->login()
 5 SYSTEMPATH\CodeIgniter.php(494): CodeIgniter\CodeIgniter->runController(Object(App\Controllers\Auth))
 6 SYSTEMPATH\CodeIgniter.php(353): CodeIgniter\CodeIgniter->handleRequest(null, Object(Config\Cache), false)
 7 FCPATH\index.php(79): CodeIgniter\CodeIgniter->run()
CRITICAL - 2024-08-23 01:10:36 --> Invalid file: "login.php"
in SYSTEMPATH\Exceptions\FrameworkException.php on line 39.
 1 SYSTEMPATH\View\View.php(214): CodeIgniter\Exceptions\FrameworkException::forInvalidFile('login.php')
 2 SYSTEMPATH\Common.php(1188): CodeIgniter\View\View->render('login', [], true)
 3 APPPATH\Controllers\Auth.php(28): view('login')
 4 SYSTEMPATH\CodeIgniter.php(919): App\Controllers\Auth->login()
 5 SYSTEMPATH\CodeIgniter.php(494): CodeIgniter\CodeIgniter->runController(Object(App\Controllers\Auth))
 6 SYSTEMPATH\CodeIgniter.php(353): CodeIgniter\CodeIgniter->handleRequest(null, Object(Config\Cache), false)
 7 FCPATH\index.php(79): CodeIgniter\CodeIgniter->run()
CRITICAL - 2024-08-23 01:10:39 --> Invalid file: "login.php"
in SYSTEMPATH\Exceptions\FrameworkException.php on line 39.
 1 SYSTEMPATH\View\View.php(214): CodeIgniter\Exceptions\FrameworkException::forInvalidFile('login.php')
 2 SYSTEMPATH\Common.php(1188): CodeIgniter\View\View->render('login', [], true)
 3 APPPATH\Controllers\Auth.php(28): view('login')
 4 SYSTEMPATH\CodeIgniter.php(919): App\Controllers\Auth->login()
 5 SYSTEMPATH\CodeIgniter.php(494): CodeIgniter\CodeIgniter->runController(Object(App\Controllers\Auth))
 6 SYSTEMPATH\CodeIgniter.php(353): CodeIgniter\CodeIgniter->handleRequest(null, Object(Config\Cache), false)
 7 FCPATH\index.php(79): CodeIgniter\CodeIgniter->run()
CRITICAL - 2024-08-23 01:10:43 --> Invalid file: "login.php"
in SYSTEMPATH\Exceptions\FrameworkException.php on line 39.
 1 SYSTEMPATH\View\View.php(214): CodeIgniter\Exceptions\FrameworkException::forInvalidFile('login.php')
 2 SYSTEMPATH\Common.php(1188): CodeIgniter\View\View->render('login', [], true)
 3 APPPATH\Controllers\Auth.php(28): view('login')
 4 SYSTEMPATH\CodeIgniter.php(919): App\Controllers\Auth->login()
 5 SYSTEMPATH\CodeIgniter.php(494): CodeIgniter\CodeIgniter->runController(Object(App\Controllers\Auth))
 6 SYSTEMPATH\CodeIgniter.php(353): CodeIgniter\CodeIgniter->handleRequest(null, Object(Config\Cache), false)
 7 FCPATH\index.php(79): CodeIgniter\CodeIgniter->run()
CRITICAL - 2024-08-23 01:10:47 --> Invalid file: "login.php"
in SYSTEMPATH\Exceptions\FrameworkException.php on line 39.
 1 SYSTEMPATH\View\View.php(214): CodeIgniter\Exceptions\FrameworkException::forInvalidFile('login.php')
 2 SYSTEMPATH\Common.php(1188): CodeIgniter\View\View->render('login', [], true)
 3 APPPATH\Controllers\Auth.php(28): view('login')
 4 SYSTEMPATH\CodeIgniter.php(919): App\Controllers\Auth->login()
 5 SYSTEMPATH\CodeIgniter.php(494): CodeIgniter\CodeIgniter->runController(Object(App\Controllers\Auth))
 6 SYSTEMPATH\CodeIgniter.php(353): CodeIgniter\CodeIgniter->handleRequest(null, Object(Config\Cache), false)
 7 FCPATH\index.php(79): CodeIgniter\CodeIgniter->run()
CRITICAL - 2024-08-23 01:12:24 --> syntax error, unexpected token "public"
in APPPATH\Controllers\Auth.php on line 11.
 1 SYSTEMPATH\Autoloader\Autoloader.php(285): CodeIgniter\Autoloader\Autoloader->includeFile('C:\\xampp\\htdocs\\code4\\app\\Controllers\\Auth.php')
 2 SYSTEMPATH\Autoloader\Autoloader.php(263): CodeIgniter\Autoloader\Autoloader->loadInNamespace('App\\Controllers\\Auth')
 3 [internal function]: CodeIgniter\Autoloader\Autoloader->loadClass('App\\Controllers\\Auth')
 4 SYSTEMPATH\CodeIgniter.php(877): class_exists('\\App\\Controllers\\Auth', true)
 5 SYSTEMPATH\CodeIgniter.php(481): CodeIgniter\CodeIgniter->startController()
 6 SYSTEMPATH\CodeIgniter.php(353): CodeIgniter\CodeIgniter->handleRequest(null, Object(Config\Cache), false)
 7 FCPATH\index.php(79): CodeIgniter\CodeIgniter->run()
CRITICAL - 2024-08-23 01:12:43 --> syntax error, unexpected token "public"
in APPPATH\Controllers\Auth.php on line 11.
 1 SYSTEMPATH\Autoloader\Autoloader.php(285): CodeIgniter\Autoloader\Autoloader->includeFile('C:\\xampp\\htdocs\\code4\\app\\Controllers\\Auth.php')
 2 SYSTEMPATH\Autoloader\Autoloader.php(263): CodeIgniter\Autoloader\Autoloader->loadInNamespace('App\\Controllers\\Auth')
 3 [internal function]: CodeIgniter\Autoloader\Autoloader->loadClass('App\\Controllers\\Auth')
 4 SYSTEMPATH\CodeIgniter.php(877): class_exists('\\App\\Controllers\\Auth', true)
 5 SYSTEMPATH\CodeIgniter.php(481): CodeIgniter\CodeIgniter->startController()
 6 SYSTEMPATH\CodeIgniter.php(353): CodeIgniter\CodeIgniter->handleRequest(null, Object(Config\Cache), false)
 7 FCPATH\index.php(79): CodeIgniter\CodeIgniter->run()
CRITICAL - 2024-08-23 01:12:46 --> syntax error, unexpected token "public"
in APPPATH\Controllers\Auth.php on line 11.
 1 SYSTEMPATH\Autoloader\Autoloader.php(285): CodeIgniter\Autoloader\Autoloader->includeFile('C:\\xampp\\htdocs\\code4\\app\\Controllers\\Auth.php')
 2 SYSTEMPATH\Autoloader\Autoloader.php(263): CodeIgniter\Autoloader\Autoloader->loadInNamespace('App\\Controllers\\Auth')
 3 [internal function]: CodeIgniter\Autoloader\Autoloader->loadClass('App\\Controllers\\Auth')
 4 SYSTEMPATH\CodeIgniter.php(877): class_exists('\\App\\Controllers\\Auth', true)
 5 SYSTEMPATH\CodeIgniter.php(481): CodeIgniter\CodeIgniter->startController()
 6 SYSTEMPATH\CodeIgniter.php(353): CodeIgniter\CodeIgniter->handleRequest(null, Object(Config\Cache), false)
 7 FCPATH\index.php(79): CodeIgniter\CodeIgniter->run()
CRITICAL - 2024-08-23 01:12:49 --> syntax error, unexpected token "public"
in APPPATH\Controllers\Auth.php on line 11.
 1 SYSTEMPATH\Autoloader\Autoloader.php(285): CodeIgniter\Autoloader\Autoloader->includeFile('C:\\xampp\\htdocs\\code4\\app\\Controllers\\Auth.php')
 2 SYSTEMPATH\Autoloader\Autoloader.php(263): CodeIgniter\Autoloader\Autoloader->loadInNamespace('App\\Controllers\\Auth')
 3 [internal function]: CodeIgniter\Autoloader\Autoloader->loadClass('App\\Controllers\\Auth')
 4 SYSTEMPATH\CodeIgniter.php(877): class_exists('\\App\\Controllers\\Auth', true)
 5 SYSTEMPATH\CodeIgniter.php(481): CodeIgniter\CodeIgniter->startController()
 6 SYSTEMPATH\CodeIgniter.php(353): CodeIgniter\CodeIgniter->handleRequest(null, Object(Config\Cache), false)
 7 FCPATH\index.php(79): CodeIgniter\CodeIgniter->run()
CRITICAL - 2024-08-23 01:14:17 --> Invalid file: "login.php"
in SYSTEMPATH\Exceptions\FrameworkException.php on line 39.
 1 SYSTEMPATH\View\View.php(214): CodeIgniter\Exceptions\FrameworkException::forInvalidFile('login.php')
 2 SYSTEMPATH\Common.php(1188): CodeIgniter\View\View->render('login', [], true)
 3 APPPATH\Controllers\Auth.php(26): view('login')
 4 SYSTEMPATH\CodeIgniter.php(919): App\Controllers\Auth->login()
 5 SYSTEMPATH\CodeIgniter.php(494): CodeIgniter\CodeIgniter->runController(Object(App\Controllers\Auth))
 6 SYSTEMPATH\CodeIgniter.php(353): CodeIgniter\CodeIgniter->handleRequest(null, Object(Config\Cache), false)
 7 FCPATH\index.php(79): CodeIgniter\CodeIgniter->run()
CRITICAL - 2024-08-23 01:17:57 --> Undefined variable $cabecera
in APPPATH\Views\loginUsuario\login.php on line 1.
 1 APPPATH\Views\loginUsuario\login.php(1): CodeIgniter\Debug\Exceptions->errorHandler(2, 'Undefined variable $cabecera', 'C:\\xampp\\htdocs\\code4\\app\\Views\\loginUsuario\\login.php', 1)
 2 SYSTEMPATH\View\View.php(226): include('C:\\xampp\\htdocs\\code4\\app\\Views\\loginUsuario\\login.php')
 3 SYSTEMPATH\View\View.php(229): CodeIgniter\View\View->CodeIgniter\View\{closure}()
 4 SYSTEMPATH\Common.php(1188): CodeIgniter\View\View->render('loginUsuario/login', [], true)
 5 APPPATH\Controllers\Auth.php(26): view('loginUsuario/login')
 6 SYSTEMPATH\CodeIgniter.php(919): App\Controllers\Auth->login()
 7 SYSTEMPATH\CodeIgniter.php(494): CodeIgniter\CodeIgniter->runController(Object(App\Controllers\Auth))
 8 SYSTEMPATH\CodeIgniter.php(353): CodeIgniter\CodeIgniter->handleRequest(null, Object(Config\Cache), false)
 9 FCPATH\index.php(79): CodeIgniter\CodeIgniter->run()
ERROR - 2024-08-23 17:06:05 --> mysqli_sql_exception: Table 'bddsastreria.ci_sessions' doesn't exist in C:\xampp\htdocs\code4\system\Database\MySQLi\Connection.php:306
Stack trace:
#0 C:\xampp\htdocs\code4\system\Database\MySQLi\Connection.php(306): mysqli->query('SELECT `data`\nF...', 0)
#1 C:\xampp\htdocs\code4\system\Database\BaseConnection.php(692): CodeIgniter\Database\MySQLi\Connection->execute('SELECT `data`\nF...')
#2 C:\xampp\htdocs\code4\system\Database\BaseConnection.php(606): CodeIgniter\Database\BaseConnection->simpleQuery('SELECT `data`\nF...')
#3 C:\xampp\htdocs\code4\system\Database\BaseBuilder.php(1615): CodeIgniter\Database\BaseConnection->query('SELECT `data`\nF...', Array, false)
#4 C:\xampp\htdocs\code4\system\Session\Handlers\DatabaseHandler.php(133): CodeIgniter\Database\BaseBuilder->get()
#5 [internal function]: CodeIgniter\Session\Handlers\DatabaseHandler->read('dfdke2nt559jblr...')
#6 C:\xampp\htdocs\code4\system\Session\Session.php(919): session_start()
#7 C:\xampp\htdocs\code4\system\Session\Session.php(241): CodeIgniter\Session\Session->startSession()
#8 C:\xampp\htdocs\code4\system\Config\Services.php(692): CodeIgniter\Session\Session->start()
#9 C:\xampp\htdocs\code4\system\Config\BaseService.php(258): CodeIgniter\Config\Services::session(Object(Config\Session), false)
#10 C:\xampp\htdocs\code4\system\Config\BaseService.php(199): CodeIgniter\Config\BaseService::__callStatic('session', Array)
#11 C:\xampp\htdocs\code4\system\Config\Services.php(663): CodeIgniter\Config\BaseService::getSharedInstance('session', NULL)
#12 C:\xampp\htdocs\code4\system\Config\BaseService.php(258): CodeIgniter\Config\Services::session()
#13 C:\xampp\htdocs\code4\system\Common.php(996): CodeIgniter\Config\BaseService::__callStatic('session', Array)
#14 C:\xampp\htdocs\code4\app\Views\loginUsuario\login.php(33): session()
#15 C:\xampp\htdocs\code4\system\View\View.php(226): include('C:\\xampp\\htdocs...')
#16 C:\xampp\htdocs\code4\system\View\View.php(229): CodeIgniter\View\View->CodeIgniter\View\{closure}()
#17 C:\xampp\htdocs\code4\system\Common.php(1188): CodeIgniter\View\View->render('loginUsuario/lo...', Array, true)
#18 C:\xampp\htdocs\code4\app\Controllers\Auth.php(41): view('loginUsuario/lo...')
#19 C:\xampp\htdocs\code4\system\CodeIgniter.php(919): App\Controllers\Auth->login()
#20 C:\xampp\htdocs\code4\system\CodeIgniter.php(494): CodeIgniter\CodeIgniter->runController(Object(App\Controllers\Auth))
#21 C:\xampp\htdocs\code4\system\CodeIgniter.php(353): CodeIgniter\CodeIgniter->handleRequest(NULL, Object(Config\Cache), false)
#22 C:\xampp\htdocs\code4\public\index.php(79): CodeIgniter\CodeIgniter->run()
#23 {main}
CRITICAL - 2024-08-23 17:06:05 --> Table 'bddsastreria.ci_sessions' doesn't exist
in SYSTEMPATH\Database\BaseConnection.php on line 646.
 1 SYSTEMPATH\Database\BaseBuilder.php(1615): CodeIgniter\Database\BaseConnection->query('SELECT `data`
FROM `ci_sessions`
WHERE `id` = :id:', [...], false)
 2 SYSTEMPATH\Session\Handlers\DatabaseHandler.php(133): CodeIgniter\Database\BaseBuilder->get()
 3 [internal function]: CodeIgniter\Session\Handlers\DatabaseHandler->read('dfdke2nt559jblrh8vepdem3oepsccku')
 4 SYSTEMPATH\Session\Session.php(919): session_start()
 5 SYSTEMPATH\Session\Session.php(241): CodeIgniter\Session\Session->startSession()
 6 SYSTEMPATH\Config\Services.php(692): CodeIgniter\Session\Session->start()
 7 SYSTEMPATH\Config\BaseService.php(258): CodeIgniter\Config\Services::session(Object(Config\Session), false)
 8 SYSTEMPATH\Config\BaseService.php(199): CodeIgniter\Config\BaseService::__callStatic('session', [...])
 9 SYSTEMPATH\Config\Services.php(663): CodeIgniter\Config\BaseService::getSharedInstance('session', null)
10 SYSTEMPATH\Config\BaseService.php(258): CodeIgniter\Config\Services::session()
11 SYSTEMPATH\Common.php(996): CodeIgniter\Config\BaseService::__callStatic('session', [])
12 APPPATH\Views\loginUsuario\login.php(33): session()
13 SYSTEMPATH\View\View.php(226): include('C:\\xampp\\htdocs\\code4\\app\\Views\\loginUsuario\\login.php')
14 SYSTEMPATH\View\View.php(229): CodeIgniter\View\View->CodeIgniter\View\{closure}()
15 SYSTEMPATH\Common.php(1188): CodeIgniter\View\View->render('loginUsuario/login', [], true)
16 APPPATH\Controllers\Auth.php(41): view('loginUsuario/login')
17 SYSTEMPATH\CodeIgniter.php(919): App\Controllers\Auth->login()
18 SYSTEMPATH\CodeIgniter.php(494): CodeIgniter\CodeIgniter->runController(Object(App\Controllers\Auth))
19 SYSTEMPATH\CodeIgniter.php(353): CodeIgniter\CodeIgniter->handleRequest(null, Object(Config\Cache), false)
20 FCPATH\index.php(79): CodeIgniter\CodeIgniter->run()
ERROR - 2024-08-23 17:06:06 --> mysqli_sql_exception: Table 'bddsastreria.ci_sessions' doesn't exist in C:\xampp\htdocs\code4\system\Database\MySQLi\Connection.php:306
Stack trace:
#0 C:\xampp\htdocs\code4\system\Database\MySQLi\Connection.php(306): mysqli->query('SELECT `data`\nF...', 0)
#1 C:\xampp\htdocs\code4\system\Database\BaseConnection.php(692): CodeIgniter\Database\MySQLi\Connection->execute('SELECT `data`\nF...')
#2 C:\xampp\htdocs\code4\system\Database\BaseConnection.php(606): CodeIgniter\Database\BaseConnection->simpleQuery('SELECT `data`\nF...')
#3 C:\xampp\htdocs\code4\system\Database\BaseBuilder.php(1615): CodeIgniter\Database\BaseConnection->query('SELECT `data`\nF...', Array, false)
#4 C:\xampp\htdocs\code4\system\Session\Handlers\DatabaseHandler.php(133): CodeIgniter\Database\BaseBuilder->get()
#5 [internal function]: CodeIgniter\Session\Handlers\DatabaseHandler->read('dfdke2nt559jblr...')
#6 C:\xampp\htdocs\code4\system\Session\Session.php(919): session_start()
#7 C:\xampp\htdocs\code4\system\Session\Session.php(241): CodeIgniter\Session\Session->startSession()
#8 C:\xampp\htdocs\code4\system\Config\Services.php(692): CodeIgniter\Session\Session->start()
#9 C:\xampp\htdocs\code4\system\Config\BaseService.php(258): CodeIgniter\Config\Services::session(Object(Config\Session), false)
#10 C:\xampp\htdocs\code4\system\Config\BaseService.php(199): CodeIgniter\Config\BaseService::__callStatic('session', Array)
#11 C:\xampp\htdocs\code4\system\Config\Services.php(663): CodeIgniter\Config\BaseService::getSharedInstance('session', NULL)
#12 C:\xampp\htdocs\code4\system\Config\BaseService.php(258): CodeIgniter\Config\Services::session()
#13 C:\xampp\htdocs\code4\system\Common.php(996): CodeIgniter\Config\BaseService::__callStatic('session', Array)
#14 C:\xampp\htdocs\code4\app\Views\loginUsuario\login.php(33): session()
#15 C:\xampp\htdocs\code4\system\View\View.php(226): include('C:\\xampp\\htdocs...')
#16 C:\xampp\htdocs\code4\system\View\View.php(229): CodeIgniter\View\View->CodeIgniter\View\{closure}()
#17 C:\xampp\htdocs\code4\system\Common.php(1188): CodeIgniter\View\View->render('loginUsuario/lo...', Array, true)
#18 C:\xampp\htdocs\code4\app\Controllers\Auth.php(41): view('loginUsuario/lo...')
#19 C:\xampp\htdocs\code4\system\CodeIgniter.php(919): App\Controllers\Auth->login()
#20 C:\xampp\htdocs\code4\system\CodeIgniter.php(494): CodeIgniter\CodeIgniter->runController(Object(App\Controllers\Auth))
#21 C:\xampp\htdocs\code4\system\CodeIgniter.php(353): CodeIgniter\CodeIgniter->handleRequest(NULL, Object(Config\Cache), false)
#22 C:\xampp\htdocs\code4\public\index.php(79): CodeIgniter\CodeIgniter->run()
#23 {main}
CRITICAL - 2024-08-23 17:06:06 --> Table 'bddsastreria.ci_sessions' doesn't exist
in SYSTEMPATH\Database\BaseConnection.php on line 646.
 1 SYSTEMPATH\Database\BaseBuilder.php(1615): CodeIgniter\Database\BaseConnection->query('SELECT `data`
FROM `ci_sessions`
WHERE `id` = :id:', [...], false)
 2 SYSTEMPATH\Session\Handlers\DatabaseHandler.php(133): CodeIgniter\Database\BaseBuilder->get()
 3 [internal function]: CodeIgniter\Session\Handlers\DatabaseHandler->read('dfdke2nt559jblrh8vepdem3oepsccku')
 4 SYSTEMPATH\Session\Session.php(919): session_start()
 5 SYSTEMPATH\Session\Session.php(241): CodeIgniter\Session\Session->startSession()
 6 SYSTEMPATH\Config\Services.php(692): CodeIgniter\Session\Session->start()
 7 SYSTEMPATH\Config\BaseService.php(258): CodeIgniter\Config\Services::session(Object(Config\Session), false)
 8 SYSTEMPATH\Config\BaseService.php(199): CodeIgniter\Config\BaseService::__callStatic('session', [...])
 9 SYSTEMPATH\Config\Services.php(663): CodeIgniter\Config\BaseService::getSharedInstance('session', null)
10 SYSTEMPATH\Config\BaseService.php(258): CodeIgniter\Config\Services::session()
11 SYSTEMPATH\Common.php(996): CodeIgniter\Config\BaseService::__callStatic('session', [])
12 APPPATH\Views\loginUsuario\login.php(33): session()
13 SYSTEMPATH\View\View.php(226): include('C:\\xampp\\htdocs\\code4\\app\\Views\\loginUsuario\\login.php')
14 SYSTEMPATH\View\View.php(229): CodeIgniter\View\View->CodeIgniter\View\{closure}()
15 SYSTEMPATH\Common.php(1188): CodeIgniter\View\View->render('loginUsuario/login', [], true)
16 APPPATH\Controllers\Auth.php(41): view('loginUsuario/login')
17 SYSTEMPATH\CodeIgniter.php(919): App\Controllers\Auth->login()
18 SYSTEMPATH\CodeIgniter.php(494): CodeIgniter\CodeIgniter->runController(Object(App\Controllers\Auth))
19 SYSTEMPATH\CodeIgniter.php(353): CodeIgniter\CodeIgniter->handleRequest(null, Object(Config\Cache), false)
20 FCPATH\index.php(79): CodeIgniter\CodeIgniter->run()
ERROR - 2024-08-23 17:06:06 --> mysqli_sql_exception: Table 'bddsastreria.ci_sessions' doesn't exist in C:\xampp\htdocs\code4\system\Database\MySQLi\Connection.php:306
Stack trace:
#0 C:\xampp\htdocs\code4\system\Database\MySQLi\Connection.php(306): mysqli->query('SELECT `data`\nF...', 0)
#1 C:\xampp\htdocs\code4\system\Database\BaseConnection.php(692): CodeIgniter\Database\MySQLi\Connection->execute('SELECT `data`\nF...')
#2 C:\xampp\htdocs\code4\system\Database\BaseConnection.php(606): CodeIgniter\Database\BaseConnection->simpleQuery('SELECT `data`\nF...')
#3 C:\xampp\htdocs\code4\system\Database\BaseBuilder.php(1615): CodeIgniter\Database\BaseConnection->query('SELECT `data`\nF...', Array, false)
#4 C:\xampp\htdocs\code4\system\Session\Handlers\DatabaseHandler.php(133): CodeIgniter\Database\BaseBuilder->get()
#5 [internal function]: CodeIgniter\Session\Handlers\DatabaseHandler->read('dfdke2nt559jblr...')
#6 C:\xampp\htdocs\code4\system\Session\Session.php(919): session_start()
#7 C:\xampp\htdocs\code4\system\Session\Session.php(241): CodeIgniter\Session\Session->startSession()
#8 C:\xampp\htdocs\code4\system\Config\Services.php(692): CodeIgniter\Session\Session->start()
#9 C:\xampp\htdocs\code4\system\Config\BaseService.php(258): CodeIgniter\Config\Services::session(Object(Config\Session), false)
#10 C:\xampp\htdocs\code4\system\Config\BaseService.php(199): CodeIgniter\Config\BaseService::__callStatic('session', Array)
#11 C:\xampp\htdocs\code4\system\Config\Services.php(663): CodeIgniter\Config\BaseService::getSharedInstance('session', NULL)
#12 C:\xampp\htdocs\code4\system\Config\BaseService.php(258): CodeIgniter\Config\Services::session()
#13 C:\xampp\htdocs\code4\system\Common.php(996): CodeIgniter\Config\BaseService::__callStatic('session', Array)
#14 C:\xampp\htdocs\code4\app\Views\loginUsuario\login.php(33): session()
#15 C:\xampp\htdocs\code4\system\View\View.php(226): include('C:\\xampp\\htdocs...')
#16 C:\xampp\htdocs\code4\system\View\View.php(229): CodeIgniter\View\View->CodeIgniter\View\{closure}()
#17 C:\xampp\htdocs\code4\system\Common.php(1188): CodeIgniter\View\View->render('loginUsuario/lo...', Array, true)
#18 C:\xampp\htdocs\code4\app\Controllers\Auth.php(41): view('loginUsuario/lo...')
#19 C:\xampp\htdocs\code4\system\CodeIgniter.php(919): App\Controllers\Auth->login()
#20 C:\xampp\htdocs\code4\system\CodeIgniter.php(494): CodeIgniter\CodeIgniter->runController(Object(App\Controllers\Auth))
#21 C:\xampp\htdocs\code4\system\CodeIgniter.php(353): CodeIgniter\CodeIgniter->handleRequest(NULL, Object(Config\Cache), false)
#22 C:\xampp\htdocs\code4\public\index.php(79): CodeIgniter\CodeIgniter->run()
#23 {main}
CRITICAL - 2024-08-23 17:06:07 --> Table 'bddsastreria.ci_sessions' doesn't exist
in SYSTEMPATH\Database\BaseConnection.php on line 646.
 1 SYSTEMPATH\Database\BaseBuilder.php(1615): CodeIgniter\Database\BaseConnection->query('SELECT `data`
FROM `ci_sessions`
WHERE `id` = :id:', [...], false)
 2 SYSTEMPATH\Session\Handlers\DatabaseHandler.php(133): CodeIgniter\Database\BaseBuilder->get()
 3 [internal function]: CodeIgniter\Session\Handlers\DatabaseHandler->read('dfdke2nt559jblrh8vepdem3oepsccku')
 4 SYSTEMPATH\Session\Session.php(919): session_start()
 5 SYSTEMPATH\Session\Session.php(241): CodeIgniter\Session\Session->startSession()
 6 SYSTEMPATH\Config\Services.php(692): CodeIgniter\Session\Session->start()
 7 SYSTEMPATH\Config\BaseService.php(258): CodeIgniter\Config\Services::session(Object(Config\Session), false)
 8 SYSTEMPATH\Config\BaseService.php(199): CodeIgniter\Config\BaseService::__callStatic('session', [...])
 9 SYSTEMPATH\Config\Services.php(663): CodeIgniter\Config\BaseService::getSharedInstance('session', null)
10 SYSTEMPATH\Config\BaseService.php(258): CodeIgniter\Config\Services::session()
11 SYSTEMPATH\Common.php(996): CodeIgniter\Config\BaseService::__callStatic('session', [])
12 APPPATH\Views\loginUsuario\login.php(33): session()
13 SYSTEMPATH\View\View.php(226): include('C:\\xampp\\htdocs\\code4\\app\\Views\\loginUsuario\\login.php')
14 SYSTEMPATH\View\View.php(229): CodeIgniter\View\View->CodeIgniter\View\{closure}()
15 SYSTEMPATH\Common.php(1188): CodeIgniter\View\View->render('loginUsuario/login', [], true)
16 APPPATH\Controllers\Auth.php(41): view('loginUsuario/login')
17 SYSTEMPATH\CodeIgniter.php(919): App\Controllers\Auth->login()
18 SYSTEMPATH\CodeIgniter.php(494): CodeIgniter\CodeIgniter->runController(Object(App\Controllers\Auth))
19 SYSTEMPATH\CodeIgniter.php(353): CodeIgniter\CodeIgniter->handleRequest(null, Object(Config\Cache), false)
20 FCPATH\index.php(79): CodeIgniter\CodeIgniter->run()
ERROR - 2024-08-23 17:06:07 --> mysqli_sql_exception: Table 'bddsastreria.ci_sessions' doesn't exist in C:\xampp\htdocs\code4\system\Database\MySQLi\Connection.php:306
Stack trace:
#0 C:\xampp\htdocs\code4\system\Database\MySQLi\Connection.php(306): mysqli->query('SELECT `data`\nF...', 0)
#1 C:\xampp\htdocs\code4\system\Database\BaseConnection.php(692): CodeIgniter\Database\MySQLi\Connection->execute('SELECT `data`\nF...')
#2 C:\xampp\htdocs\code4\system\Database\BaseConnection.php(606): CodeIgniter\Database\BaseConnection->simpleQuery('SELECT `data`\nF...')
#3 C:\xampp\htdocs\code4\system\Database\BaseBuilder.php(1615): CodeIgniter\Database\BaseConnection->query('SELECT `data`\nF...', Array, false)
#4 C:\xampp\htdocs\code4\system\Session\Handlers\DatabaseHandler.php(133): CodeIgniter\Database\BaseBuilder->get()
#5 [internal function]: CodeIgniter\Session\Handlers\DatabaseHandler->read('dfdke2nt559jblr...')
#6 C:\xampp\htdocs\code4\system\Session\Session.php(919): session_start()
#7 C:\xampp\htdocs\code4\system\Session\Session.php(241): CodeIgniter\Session\Session->startSession()
#8 C:\xampp\htdocs\code4\system\Config\Services.php(692): CodeIgniter\Session\Session->start()
#9 C:\xampp\htdocs\code4\system\Config\BaseService.php(258): CodeIgniter\Config\Services::session(Object(Config\Session), false)
#10 C:\xampp\htdocs\code4\system\Config\BaseService.php(199): CodeIgniter\Config\BaseService::__callStatic('session', Array)
#11 C:\xampp\htdocs\code4\system\Config\Services.php(663): CodeIgniter\Config\BaseService::getSharedInstance('session', NULL)
#12 C:\xampp\htdocs\code4\system\Config\BaseService.php(258): CodeIgniter\Config\Services::session()
#13 C:\xampp\htdocs\code4\system\Common.php(996): CodeIgniter\Config\BaseService::__callStatic('session', Array)
#14 C:\xampp\htdocs\code4\app\Views\loginUsuario\login.php(33): session()
#15 C:\xampp\htdocs\code4\system\View\View.php(226): include('C:\\xampp\\htdocs...')
#16 C:\xampp\htdocs\code4\system\View\View.php(229): CodeIgniter\View\View->CodeIgniter\View\{closure}()
#17 C:\xampp\htdocs\code4\system\Common.php(1188): CodeIgniter\View\View->render('loginUsuario/lo...', Array, true)
#18 C:\xampp\htdocs\code4\app\Controllers\Auth.php(41): view('loginUsuario/lo...')
#19 C:\xampp\htdocs\code4\system\CodeIgniter.php(919): App\Controllers\Auth->login()
#20 C:\xampp\htdocs\code4\system\CodeIgniter.php(494): CodeIgniter\CodeIgniter->runController(Object(App\Controllers\Auth))
#21 C:\xampp\htdocs\code4\system\CodeIgniter.php(353): CodeIgniter\CodeIgniter->handleRequest(NULL, Object(Config\Cache), false)
#22 C:\xampp\htdocs\code4\public\index.php(79): CodeIgniter\CodeIgniter->run()
#23 {main}
CRITICAL - 2024-08-23 17:06:07 --> Table 'bddsastreria.ci_sessions' doesn't exist
in SYSTEMPATH\Database\BaseConnection.php on line 646.
 1 SYSTEMPATH\Database\BaseBuilder.php(1615): CodeIgniter\Database\BaseConnection->query('SELECT `data`
FROM `ci_sessions`
WHERE `id` = :id:', [...], false)
 2 SYSTEMPATH\Session\Handlers\DatabaseHandler.php(133): CodeIgniter\Database\BaseBuilder->get()
 3 [internal function]: CodeIgniter\Session\Handlers\DatabaseHandler->read('dfdke2nt559jblrh8vepdem3oepsccku')
 4 SYSTEMPATH\Session\Session.php(919): session_start()
 5 SYSTEMPATH\Session\Session.php(241): CodeIgniter\Session\Session->startSession()
 6 SYSTEMPATH\Config\Services.php(692): CodeIgniter\Session\Session->start()
 7 SYSTEMPATH\Config\BaseService.php(258): CodeIgniter\Config\Services::session(Object(Config\Session), false)
 8 SYSTEMPATH\Config\BaseService.php(199): CodeIgniter\Config\BaseService::__callStatic('session', [...])
 9 SYSTEMPATH\Config\Services.php(663): CodeIgniter\Config\BaseService::getSharedInstance('session', null)
10 SYSTEMPATH\Config\BaseService.php(258): CodeIgniter\Config\Services::session()
11 SYSTEMPATH\Common.php(996): CodeIgniter\Config\BaseService::__callStatic('session', [])
12 APPPATH\Views\loginUsuario\login.php(33): session()
13 SYSTEMPATH\View\View.php(226): include('C:\\xampp\\htdocs\\code4\\app\\Views\\loginUsuario\\login.php')
14 SYSTEMPATH\View\View.php(229): CodeIgniter\View\View->CodeIgniter\View\{closure}()
15 SYSTEMPATH\Common.php(1188): CodeIgniter\View\View->render('loginUsuario/login', [], true)
16 APPPATH\Controllers\Auth.php(41): view('loginUsuario/login')
17 SYSTEMPATH\CodeIgniter.php(919): App\Controllers\Auth->login()
18 SYSTEMPATH\CodeIgniter.php(494): CodeIgniter\CodeIgniter->runController(Object(App\Controllers\Auth))
19 SYSTEMPATH\CodeIgniter.php(353): CodeIgniter\CodeIgniter->handleRequest(null, Object(Config\Cache), false)
20 FCPATH\index.php(79): CodeIgniter\CodeIgniter->run()
ERROR - 2024-08-23 17:06:08 --> mysqli_sql_exception: Table 'bddsastreria.ci_sessions' doesn't exist in C:\xampp\htdocs\code4\system\Database\MySQLi\Connection.php:306
Stack trace:
#0 C:\xampp\htdocs\code4\system\Database\MySQLi\Connection.php(306): mysqli->query('SELECT `data`\nF...', 0)
#1 C:\xampp\htdocs\code4\system\Database\BaseConnection.php(692): CodeIgniter\Database\MySQLi\Connection->execute('SELECT `data`\nF...')
#2 C:\xampp\htdocs\code4\system\Database\BaseConnection.php(606): CodeIgniter\Database\BaseConnection->simpleQuery('SELECT `data`\nF...')
#3 C:\xampp\htdocs\code4\system\Database\BaseBuilder.php(1615): CodeIgniter\Database\BaseConnection->query('SELECT `data`\nF...', Array, false)
#4 C:\xampp\htdocs\code4\system\Session\Handlers\DatabaseHandler.php(133): CodeIgniter\Database\BaseBuilder->get()
#5 [internal function]: CodeIgniter\Session\Handlers\DatabaseHandler->read('dfdke2nt559jblr...')
#6 C:\xampp\htdocs\code4\system\Session\Session.php(919): session_start()
#7 C:\xampp\htdocs\code4\system\Session\Session.php(241): CodeIgniter\Session\Session->startSession()
#8 C:\xampp\htdocs\code4\system\Config\Services.php(692): CodeIgniter\Session\Session->start()
#9 C:\xampp\htdocs\code4\system\Config\BaseService.php(258): CodeIgniter\Config\Services::session(Object(Config\Session), false)
#10 C:\xampp\htdocs\code4\system\Config\BaseService.php(199): CodeIgniter\Config\BaseService::__callStatic('session', Array)
#11 C:\xampp\htdocs\code4\system\Config\Services.php(663): CodeIgniter\Config\BaseService::getSharedInstance('session', NULL)
#12 C:\xampp\htdocs\code4\system\Config\BaseService.php(258): CodeIgniter\Config\Services::session()
#13 C:\xampp\htdocs\code4\system\Common.php(996): CodeIgniter\Config\BaseService::__callStatic('session', Array)
#14 C:\xampp\htdocs\code4\app\Views\loginUsuario\login.php(33): session()
#15 C:\xampp\htdocs\code4\system\View\View.php(226): include('C:\\xampp\\htdocs...')
#16 C:\xampp\htdocs\code4\system\View\View.php(229): CodeIgniter\View\View->CodeIgniter\View\{closure}()
#17 C:\xampp\htdocs\code4\system\Common.php(1188): CodeIgniter\View\View->render('loginUsuario/lo...', Array, true)
#18 C:\xampp\htdocs\code4\app\Controllers\Auth.php(41): view('loginUsuario/lo...')
#19 C:\xampp\htdocs\code4\system\CodeIgniter.php(919): App\Controllers\Auth->login()
#20 C:\xampp\htdocs\code4\system\CodeIgniter.php(494): CodeIgniter\CodeIgniter->runController(Object(App\Controllers\Auth))
#21 C:\xampp\htdocs\code4\system\CodeIgniter.php(353): CodeIgniter\CodeIgniter->handleRequest(NULL, Object(Config\Cache), false)
#22 C:\xampp\htdocs\code4\public\index.php(79): CodeIgniter\CodeIgniter->run()
#23 {main}
CRITICAL - 2024-08-23 17:06:08 --> Table 'bddsastreria.ci_sessions' doesn't exist
in SYSTEMPATH\Database\BaseConnection.php on line 646.
 1 SYSTEMPATH\Database\BaseBuilder.php(1615): CodeIgniter\Database\BaseConnection->query('SELECT `data`
FROM `ci_sessions`
WHERE `id` = :id:', [...], false)
 2 SYSTEMPATH\Session\Handlers\DatabaseHandler.php(133): CodeIgniter\Database\BaseBuilder->get()
 3 [internal function]: CodeIgniter\Session\Handlers\DatabaseHandler->read('dfdke2nt559jblrh8vepdem3oepsccku')
 4 SYSTEMPATH\Session\Session.php(919): session_start()
 5 SYSTEMPATH\Session\Session.php(241): CodeIgniter\Session\Session->startSession()
 6 SYSTEMPATH\Config\Services.php(692): CodeIgniter\Session\Session->start()
 7 SYSTEMPATH\Config\BaseService.php(258): CodeIgniter\Config\Services::session(Object(Config\Session), false)
 8 SYSTEMPATH\Config\BaseService.php(199): CodeIgniter\Config\BaseService::__callStatic('session', [...])
 9 SYSTEMPATH\Config\Services.php(663): CodeIgniter\Config\BaseService::getSharedInstance('session', null)
10 SYSTEMPATH\Config\BaseService.php(258): CodeIgniter\Config\Services::session()
11 SYSTEMPATH\Common.php(996): CodeIgniter\Config\BaseService::__callStatic('session', [])
12 APPPATH\Views\loginUsuario\login.php(33): session()
13 SYSTEMPATH\View\View.php(226): include('C:\\xampp\\htdocs\\code4\\app\\Views\\loginUsuario\\login.php')
14 SYSTEMPATH\View\View.php(229): CodeIgniter\View\View->CodeIgniter\View\{closure}()
15 SYSTEMPATH\Common.php(1188): CodeIgniter\View\View->render('loginUsuario/login', [], true)
16 APPPATH\Controllers\Auth.php(41): view('loginUsuario/login')
17 SYSTEMPATH\CodeIgniter.php(919): App\Controllers\Auth->login()
18 SYSTEMPATH\CodeIgniter.php(494): CodeIgniter\CodeIgniter->runController(Object(App\Controllers\Auth))
19 SYSTEMPATH\CodeIgniter.php(353): CodeIgniter\CodeIgniter->handleRequest(null, Object(Config\Cache), false)
20 FCPATH\index.php(79): CodeIgniter\CodeIgniter->run()
ERROR - 2024-08-23 17:06:08 --> mysqli_sql_exception: Table 'bddsastreria.ci_sessions' doesn't exist in C:\xampp\htdocs\code4\system\Database\MySQLi\Connection.php:306
Stack trace:
#0 C:\xampp\htdocs\code4\system\Database\MySQLi\Connection.php(306): mysqli->query('SELECT `data`\nF...', 0)
#1 C:\xampp\htdocs\code4\system\Database\BaseConnection.php(692): CodeIgniter\Database\MySQLi\Connection->execute('SELECT `data`\nF...')
#2 C:\xampp\htdocs\code4\system\Database\BaseConnection.php(606): CodeIgniter\Database\BaseConnection->simpleQuery('SELECT `data`\nF...')
#3 C:\xampp\htdocs\code4\system\Database\BaseBuilder.php(1615): CodeIgniter\Database\BaseConnection->query('SELECT `data`\nF...', Array, false)
#4 C:\xampp\htdocs\code4\system\Session\Handlers\DatabaseHandler.php(133): CodeIgniter\Database\BaseBuilder->get()
#5 [internal function]: CodeIgniter\Session\Handlers\DatabaseHandler->read('dfdke2nt559jblr...')
#6 C:\xampp\htdocs\code4\system\Session\Session.php(919): session_start()
#7 C:\xampp\htdocs\code4\system\Session\Session.php(241): CodeIgniter\Session\Session->startSession()
#8 C:\xampp\htdocs\code4\system\Config\Services.php(692): CodeIgniter\Session\Session->start()
#9 C:\xampp\htdocs\code4\system\Config\BaseService.php(258): CodeIgniter\Config\Services::session(Object(Config\Session), false)
#10 C:\xampp\htdocs\code4\system\Config\BaseService.php(199): CodeIgniter\Config\BaseService::__callStatic('session', Array)
#11 C:\xampp\htdocs\code4\system\Config\Services.php(663): CodeIgniter\Config\BaseService::getSharedInstance('session', NULL)
#12 C:\xampp\htdocs\code4\system\Config\BaseService.php(258): CodeIgniter\Config\Services::session()
#13 C:\xampp\htdocs\code4\system\Common.php(996): CodeIgniter\Config\BaseService::__callStatic('session', Array)
#14 C:\xampp\htdocs\code4\app\Views\loginUsuario\login.php(33): session()
#15 C:\xampp\htdocs\code4\system\View\View.php(226): include('C:\\xampp\\htdocs...')
#16 C:\xampp\htdocs\code4\system\View\View.php(229): CodeIgniter\View\View->CodeIgniter\View\{closure}()
#17 C:\xampp\htdocs\code4\system\Common.php(1188): CodeIgniter\View\View->render('loginUsuario/lo...', Array, true)
#18 C:\xampp\htdocs\code4\app\Controllers\Auth.php(41): view('loginUsuario/lo...')
#19 C:\xampp\htdocs\code4\system\CodeIgniter.php(919): App\Controllers\Auth->login()
#20 C:\xampp\htdocs\code4\system\CodeIgniter.php(494): CodeIgniter\CodeIgniter->runController(Object(App\Controllers\Auth))
#21 C:\xampp\htdocs\code4\system\CodeIgniter.php(353): CodeIgniter\CodeIgniter->handleRequest(NULL, Object(Config\Cache), false)
#22 C:\xampp\htdocs\code4\public\index.php(79): CodeIgniter\CodeIgniter->run()
#23 {main}
CRITICAL - 2024-08-23 17:06:08 --> Table 'bddsastreria.ci_sessions' doesn't exist
in SYSTEMPATH\Database\BaseConnection.php on line 646.
 1 SYSTEMPATH\Database\BaseBuilder.php(1615): CodeIgniter\Database\BaseConnection->query('SELECT `data`
FROM `ci_sessions`
WHERE `id` = :id:', [...], false)
 2 SYSTEMPATH\Session\Handlers\DatabaseHandler.php(133): CodeIgniter\Database\BaseBuilder->get()
 3 [internal function]: CodeIgniter\Session\Handlers\DatabaseHandler->read('dfdke2nt559jblrh8vepdem3oepsccku')
 4 SYSTEMPATH\Session\Session.php(919): session_start()
 5 SYSTEMPATH\Session\Session.php(241): CodeIgniter\Session\Session->startSession()
 6 SYSTEMPATH\Config\Services.php(692): CodeIgniter\Session\Session->start()
 7 SYSTEMPATH\Config\BaseService.php(258): CodeIgniter\Config\Services::session(Object(Config\Session), false)
 8 SYSTEMPATH\Config\BaseService.php(199): CodeIgniter\Config\BaseService::__callStatic('session', [...])
 9 SYSTEMPATH\Config\Services.php(663): CodeIgniter\Config\BaseService::getSharedInstance('session', null)
10 SYSTEMPATH\Config\BaseService.php(258): CodeIgniter\Config\Services::session()
11 SYSTEMPATH\Common.php(996): CodeIgniter\Config\BaseService::__callStatic('session', [])
12 APPPATH\Views\loginUsuario\login.php(33): session()
13 SYSTEMPATH\View\View.php(226): include('C:\\xampp\\htdocs\\code4\\app\\Views\\loginUsuario\\login.php')
14 SYSTEMPATH\View\View.php(229): CodeIgniter\View\View->CodeIgniter\View\{closure}()
15 SYSTEMPATH\Common.php(1188): CodeIgniter\View\View->render('loginUsuario/login', [], true)
16 APPPATH\Controllers\Auth.php(41): view('loginUsuario/login')
17 SYSTEMPATH\CodeIgniter.php(919): App\Controllers\Auth->login()
18 SYSTEMPATH\CodeIgniter.php(494): CodeIgniter\CodeIgniter->runController(Object(App\Controllers\Auth))
19 SYSTEMPATH\CodeIgniter.php(353): CodeIgniter\CodeIgniter->handleRequest(null, Object(Config\Cache), false)
20 FCPATH\index.php(79): CodeIgniter\CodeIgniter->run()
ERROR - 2024-08-23 17:06:09 --> mysqli_sql_exception: Table 'bddsastreria.ci_sessions' doesn't exist in C:\xampp\htdocs\code4\system\Database\MySQLi\Connection.php:306
Stack trace:
#0 C:\xampp\htdocs\code4\system\Database\MySQLi\Connection.php(306): mysqli->query('SELECT `data`\nF...', 0)
#1 C:\xampp\htdocs\code4\system\Database\BaseConnection.php(692): CodeIgniter\Database\MySQLi\Connection->execute('SELECT `data`\nF...')
#2 C:\xampp\htdocs\code4\system\Database\BaseConnection.php(606): CodeIgniter\Database\BaseConnection->simpleQuery('SELECT `data`\nF...')
#3 C:\xampp\htdocs\code4\system\Database\BaseBuilder.php(1615): CodeIgniter\Database\BaseConnection->query('SELECT `data`\nF...', Array, false)
#4 C:\xampp\htdocs\code4\system\Session\Handlers\DatabaseHandler.php(133): CodeIgniter\Database\BaseBuilder->get()
#5 [internal function]: CodeIgniter\Session\Handlers\DatabaseHandler->read('dfdke2nt559jblr...')
#6 C:\xampp\htdocs\code4\system\Session\Session.php(919): session_start()
#7 C:\xampp\htdocs\code4\system\Session\Session.php(241): CodeIgniter\Session\Session->startSession()
#8 C:\xampp\htdocs\code4\system\Config\Services.php(692): CodeIgniter\Session\Session->start()
#9 C:\xampp\htdocs\code4\system\Config\BaseService.php(258): CodeIgniter\Config\Services::session(Object(Config\Session), false)
#10 C:\xampp\htdocs\code4\system\Config\BaseService.php(199): CodeIgniter\Config\BaseService::__callStatic('session', Array)
#11 C:\xampp\htdocs\code4\system\Config\Services.php(663): CodeIgniter\Config\BaseService::getSharedInstance('session', NULL)
#12 C:\xampp\htdocs\code4\system\Config\BaseService.php(258): CodeIgniter\Config\Services::session()
#13 C:\xampp\htdocs\code4\system\Common.php(996): CodeIgniter\Config\BaseService::__callStatic('session', Array)
#14 C:\xampp\htdocs\code4\app\Views\loginUsuario\login.php(33): session()
#15 C:\xampp\htdocs\code4\system\View\View.php(226): include('C:\\xampp\\htdocs...')
#16 C:\xampp\htdocs\code4\system\View\View.php(229): CodeIgniter\View\View->CodeIgniter\View\{closure}()
#17 C:\xampp\htdocs\code4\system\Common.php(1188): CodeIgniter\View\View->render('loginUsuario/lo...', Array, true)
#18 C:\xampp\htdocs\code4\app\Controllers\Auth.php(41): view('loginUsuario/lo...')
#19 C:\xampp\htdocs\code4\system\CodeIgniter.php(919): App\Controllers\Auth->login()
#20 C:\xampp\htdocs\code4\system\CodeIgniter.php(494): CodeIgniter\CodeIgniter->runController(Object(App\Controllers\Auth))
#21 C:\xampp\htdocs\code4\system\CodeIgniter.php(353): CodeIgniter\CodeIgniter->handleRequest(NULL, Object(Config\Cache), false)
#22 C:\xampp\htdocs\code4\public\index.php(79): CodeIgniter\CodeIgniter->run()
#23 {main}
CRITICAL - 2024-08-23 17:06:09 --> Table 'bddsastreria.ci_sessions' doesn't exist
in SYSTEMPATH\Database\BaseConnection.php on line 646.
 1 SYSTEMPATH\Database\BaseBuilder.php(1615): CodeIgniter\Database\BaseConnection->query('SELECT `data`
FROM `ci_sessions`
WHERE `id` = :id:', [...], false)
 2 SYSTEMPATH\Session\Handlers\DatabaseHandler.php(133): CodeIgniter\Database\BaseBuilder->get()
 3 [internal function]: CodeIgniter\Session\Handlers\DatabaseHandler->read('dfdke2nt559jblrh8vepdem3oepsccku')
 4 SYSTEMPATH\Session\Session.php(919): session_start()
 5 SYSTEMPATH\Session\Session.php(241): CodeIgniter\Session\Session->startSession()
 6 SYSTEMPATH\Config\Services.php(692): CodeIgniter\Session\Session->start()
 7 SYSTEMPATH\Config\BaseService.php(258): CodeIgniter\Config\Services::session(Object(Config\Session), false)
 8 SYSTEMPATH\Config\BaseService.php(199): CodeIgniter\Config\BaseService::__callStatic('session', [...])
 9 SYSTEMPATH\Config\Services.php(663): CodeIgniter\Config\BaseService::getSharedInstance('session', null)
10 SYSTEMPATH\Config\BaseService.php(258): CodeIgniter\Config\Services::session()
11 SYSTEMPATH\Common.php(996): CodeIgniter\Config\BaseService::__callStatic('session', [])
12 APPPATH\Views\loginUsuario\login.php(33): session()
13 SYSTEMPATH\View\View.php(226): include('C:\\xampp\\htdocs\\code4\\app\\Views\\loginUsuario\\login.php')
14 SYSTEMPATH\View\View.php(229): CodeIgniter\View\View->CodeIgniter\View\{closure}()
15 SYSTEMPATH\Common.php(1188): CodeIgniter\View\View->render('loginUsuario/login', [], true)
16 APPPATH\Controllers\Auth.php(41): view('loginUsuario/login')
17 SYSTEMPATH\CodeIgniter.php(919): App\Controllers\Auth->login()
18 SYSTEMPATH\CodeIgniter.php(494): CodeIgniter\CodeIgniter->runController(Object(App\Controllers\Auth))
19 SYSTEMPATH\CodeIgniter.php(353): CodeIgniter\CodeIgniter->handleRequest(null, Object(Config\Cache), false)
20 FCPATH\index.php(79): CodeIgniter\CodeIgniter->run()
ERROR - 2024-08-23 17:06:09 --> mysqli_sql_exception: Table 'bddsastreria.ci_sessions' doesn't exist in C:\xampp\htdocs\code4\system\Database\MySQLi\Connection.php:306
Stack trace:
#0 C:\xampp\htdocs\code4\system\Database\MySQLi\Connection.php(306): mysqli->query('SELECT `data`\nF...', 0)
#1 C:\xampp\htdocs\code4\system\Database\BaseConnection.php(692): CodeIgniter\Database\MySQLi\Connection->execute('SELECT `data`\nF...')
#2 C:\xampp\htdocs\code4\system\Database\BaseConnection.php(606): CodeIgniter\Database\BaseConnection->simpleQuery('SELECT `data`\nF...')
#3 C:\xampp\htdocs\code4\system\Database\BaseBuilder.php(1615): CodeIgniter\Database\BaseConnection->query('SELECT `data`\nF...', Array, false)
#4 C:\xampp\htdocs\code4\system\Session\Handlers\DatabaseHandler.php(133): CodeIgniter\Database\BaseBuilder->get()
#5 [internal function]: CodeIgniter\Session\Handlers\DatabaseHandler->read('dfdke2nt559jblr...')
#6 C:\xampp\htdocs\code4\system\Session\Session.php(919): session_start()
#7 C:\xampp\htdocs\code4\system\Session\Session.php(241): CodeIgniter\Session\Session->startSession()
#8 C:\xampp\htdocs\code4\system\Config\Services.php(692): CodeIgniter\Session\Session->start()
#9 C:\xampp\htdocs\code4\system\Config\BaseService.php(258): CodeIgniter\Config\Services::session(Object(Config\Session), false)
#10 C:\xampp\htdocs\code4\system\Config\BaseService.php(199): CodeIgniter\Config\BaseService::__callStatic('session', Array)
#11 C:\xampp\htdocs\code4\system\Config\Services.php(663): CodeIgniter\Config\BaseService::getSharedInstance('session', NULL)
#12 C:\xampp\htdocs\code4\system\Config\BaseService.php(258): CodeIgniter\Config\Services::session()
#13 C:\xampp\htdocs\code4\system\Common.php(996): CodeIgniter\Config\BaseService::__callStatic('session', Array)
#14 C:\xampp\htdocs\code4\app\Views\loginUsuario\login.php(33): session()
#15 C:\xampp\htdocs\code4\system\View\View.php(226): include('C:\\xampp\\htdocs...')
#16 C:\xampp\htdocs\code4\system\View\View.php(229): CodeIgniter\View\View->CodeIgniter\View\{closure}()
#17 C:\xampp\htdocs\code4\system\Common.php(1188): CodeIgniter\View\View->render('loginUsuario/lo...', Array, true)
#18 C:\xampp\htdocs\code4\app\Controllers\Auth.php(41): view('loginUsuario/lo...')
#19 C:\xampp\htdocs\code4\system\CodeIgniter.php(919): App\Controllers\Auth->login()
#20 C:\xampp\htdocs\code4\system\CodeIgniter.php(494): CodeIgniter\CodeIgniter->runController(Object(App\Controllers\Auth))
#21 C:\xampp\htdocs\code4\system\CodeIgniter.php(353): CodeIgniter\CodeIgniter->handleRequest(NULL, Object(Config\Cache), false)
#22 C:\xampp\htdocs\code4\public\index.php(79): CodeIgniter\CodeIgniter->run()
#23 {main}
CRITICAL - 2024-08-23 17:06:09 --> Table 'bddsastreria.ci_sessions' doesn't exist
in SYSTEMPATH\Database\BaseConnection.php on line 646.
 1 SYSTEMPATH\Database\BaseBuilder.php(1615): CodeIgniter\Database\BaseConnection->query('SELECT `data`
FROM `ci_sessions`
WHERE `id` = :id:', [...], false)
 2 SYSTEMPATH\Session\Handlers\DatabaseHandler.php(133): CodeIgniter\Database\BaseBuilder->get()
 3 [internal function]: CodeIgniter\Session\Handlers\DatabaseHandler->read('dfdke2nt559jblrh8vepdem3oepsccku')
 4 SYSTEMPATH\Session\Session.php(919): session_start()
 5 SYSTEMPATH\Session\Session.php(241): CodeIgniter\Session\Session->startSession()
 6 SYSTEMPATH\Config\Services.php(692): CodeIgniter\Session\Session->start()
 7 SYSTEMPATH\Config\BaseService.php(258): CodeIgniter\Config\Services::session(Object(Config\Session), false)
 8 SYSTEMPATH\Config\BaseService.php(199): CodeIgniter\Config\BaseService::__callStatic('session', [...])
 9 SYSTEMPATH\Config\Services.php(663): CodeIgniter\Config\BaseService::getSharedInstance('session', null)
10 SYSTEMPATH\Config\BaseService.php(258): CodeIgniter\Config\Services::session()
11 SYSTEMPATH\Common.php(996): CodeIgniter\Config\BaseService::__callStatic('session', [])
12 APPPATH\Views\loginUsuario\login.php(33): session()
13 SYSTEMPATH\View\View.php(226): include('C:\\xampp\\htdocs\\code4\\app\\Views\\loginUsuario\\login.php')
14 SYSTEMPATH\View\View.php(229): CodeIgniter\View\View->CodeIgniter\View\{closure}()
15 SYSTEMPATH\Common.php(1188): CodeIgniter\View\View->render('loginUsuario/login', [], true)
16 APPPATH\Controllers\Auth.php(41): view('loginUsuario/login')
17 SYSTEMPATH\CodeIgniter.php(919): App\Controllers\Auth->login()
18 SYSTEMPATH\CodeIgniter.php(494): CodeIgniter\CodeIgniter->runController(Object(App\Controllers\Auth))
19 SYSTEMPATH\CodeIgniter.php(353): CodeIgniter\CodeIgniter->handleRequest(null, Object(Config\Cache), false)
20 FCPATH\index.php(79): CodeIgniter\CodeIgniter->run()
ERROR - 2024-08-23 17:06:09 --> mysqli_sql_exception: Table 'bddsastreria.ci_sessions' doesn't exist in C:\xampp\htdocs\code4\system\Database\MySQLi\Connection.php:306
Stack trace:
#0 C:\xampp\htdocs\code4\system\Database\MySQLi\Connection.php(306): mysqli->query('SELECT `data`\nF...', 0)
#1 C:\xampp\htdocs\code4\system\Database\BaseConnection.php(692): CodeIgniter\Database\MySQLi\Connection->execute('SELECT `data`\nF...')
#2 C:\xampp\htdocs\code4\system\Database\BaseConnection.php(606): CodeIgniter\Database\BaseConnection->simpleQuery('SELECT `data`\nF...')
#3 C:\xampp\htdocs\code4\system\Database\BaseBuilder.php(1615): CodeIgniter\Database\BaseConnection->query('SELECT `data`\nF...', Array, false)
#4 C:\xampp\htdocs\code4\system\Session\Handlers\DatabaseHandler.php(133): CodeIgniter\Database\BaseBuilder->get()
#5 [internal function]: CodeIgniter\Session\Handlers\DatabaseHandler->read('dfdke2nt559jblr...')
#6 C:\xampp\htdocs\code4\system\Session\Session.php(919): session_start()
#7 C:\xampp\htdocs\code4\system\Session\Session.php(241): CodeIgniter\Session\Session->startSession()
#8 C:\xampp\htdocs\code4\system\Config\Services.php(692): CodeIgniter\Session\Session->start()
#9 C:\xampp\htdocs\code4\system\Config\BaseService.php(258): CodeIgniter\Config\Services::session(Object(Config\Session), false)
#10 C:\xampp\htdocs\code4\system\Config\BaseService.php(199): CodeIgniter\Config\BaseService::__callStatic('session', Array)
#11 C:\xampp\htdocs\code4\system\Config\Services.php(663): CodeIgniter\Config\BaseService::getSharedInstance('session', NULL)
#12 C:\xampp\htdocs\code4\system\Config\BaseService.php(258): CodeIgniter\Config\Services::session()
#13 C:\xampp\htdocs\code4\system\Common.php(996): CodeIgniter\Config\BaseService::__callStatic('session', Array)
#14 C:\xampp\htdocs\code4\app\Views\loginUsuario\login.php(33): session()
#15 C:\xampp\htdocs\code4\system\View\View.php(226): include('C:\\xampp\\htdocs...')
#16 C:\xampp\htdocs\code4\system\View\View.php(229): CodeIgniter\View\View->CodeIgniter\View\{closure}()
#17 C:\xampp\htdocs\code4\system\Common.php(1188): CodeIgniter\View\View->render('loginUsuario/lo...', Array, true)
#18 C:\xampp\htdocs\code4\app\Controllers\Auth.php(41): view('loginUsuario/lo...')
#19 C:\xampp\htdocs\code4\system\CodeIgniter.php(919): App\Controllers\Auth->login()
#20 C:\xampp\htdocs\code4\system\CodeIgniter.php(494): CodeIgniter\CodeIgniter->runController(Object(App\Controllers\Auth))
#21 C:\xampp\htdocs\code4\system\CodeIgniter.php(353): CodeIgniter\CodeIgniter->handleRequest(NULL, Object(Config\Cache), false)
#22 C:\xampp\htdocs\code4\public\index.php(79): CodeIgniter\CodeIgniter->run()
#23 {main}
CRITICAL - 2024-08-23 17:06:09 --> Table 'bddsastreria.ci_sessions' doesn't exist
in SYSTEMPATH\Database\BaseConnection.php on line 646.
 1 SYSTEMPATH\Database\BaseBuilder.php(1615): CodeIgniter\Database\BaseConnection->query('SELECT `data`
FROM `ci_sessions`
WHERE `id` = :id:', [...], false)
 2 SYSTEMPATH\Session\Handlers\DatabaseHandler.php(133): CodeIgniter\Database\BaseBuilder->get()
 3 [internal function]: CodeIgniter\Session\Handlers\DatabaseHandler->read('dfdke2nt559jblrh8vepdem3oepsccku')
 4 SYSTEMPATH\Session\Session.php(919): session_start()
 5 SYSTEMPATH\Session\Session.php(241): CodeIgniter\Session\Session->startSession()
 6 SYSTEMPATH\Config\Services.php(692): CodeIgniter\Session\Session->start()
 7 SYSTEMPATH\Config\BaseService.php(258): CodeIgniter\Config\Services::session(Object(Config\Session), false)
 8 SYSTEMPATH\Config\BaseService.php(199): CodeIgniter\Config\BaseService::__callStatic('session', [...])
 9 SYSTEMPATH\Config\Services.php(663): CodeIgniter\Config\BaseService::getSharedInstance('session', null)
10 SYSTEMPATH\Config\BaseService.php(258): CodeIgniter\Config\Services::session()
11 SYSTEMPATH\Common.php(996): CodeIgniter\Config\BaseService::__callStatic('session', [])
12 APPPATH\Views\loginUsuario\login.php(33): session()
13 SYSTEMPATH\View\View.php(226): include('C:\\xampp\\htdocs\\code4\\app\\Views\\loginUsuario\\login.php')
14 SYSTEMPATH\View\View.php(229): CodeIgniter\View\View->CodeIgniter\View\{closure}()
15 SYSTEMPATH\Common.php(1188): CodeIgniter\View\View->render('loginUsuario/login', [], true)
16 APPPATH\Controllers\Auth.php(41): view('loginUsuario/login')
17 SYSTEMPATH\CodeIgniter.php(919): App\Controllers\Auth->login()
18 SYSTEMPATH\CodeIgniter.php(494): CodeIgniter\CodeIgniter->runController(Object(App\Controllers\Auth))
19 SYSTEMPATH\CodeIgniter.php(353): CodeIgniter\CodeIgniter->handleRequest(null, Object(Config\Cache), false)
20 FCPATH\index.php(79): CodeIgniter\CodeIgniter->run()
ERROR - 2024-08-23 17:06:10 --> mysqli_sql_exception: Table 'bddsastreria.ci_sessions' doesn't exist in C:\xampp\htdocs\code4\system\Database\MySQLi\Connection.php:306
Stack trace:
#0 C:\xampp\htdocs\code4\system\Database\MySQLi\Connection.php(306): mysqli->query('SELECT `data`\nF...', 0)
#1 C:\xampp\htdocs\code4\system\Database\BaseConnection.php(692): CodeIgniter\Database\MySQLi\Connection->execute('SELECT `data`\nF...')
#2 C:\xampp\htdocs\code4\system\Database\BaseConnection.php(606): CodeIgniter\Database\BaseConnection->simpleQuery('SELECT `data`\nF...')
#3 C:\xampp\htdocs\code4\system\Database\BaseBuilder.php(1615): CodeIgniter\Database\BaseConnection->query('SELECT `data`\nF...', Array, false)
#4 C:\xampp\htdocs\code4\system\Session\Handlers\DatabaseHandler.php(133): CodeIgniter\Database\BaseBuilder->get()
#5 [internal function]: CodeIgniter\Session\Handlers\DatabaseHandler->read('dfdke2nt559jblr...')
#6 C:\xampp\htdocs\code4\system\Session\Session.php(919): session_start()
#7 C:\xampp\htdocs\code4\system\Session\Session.php(241): CodeIgniter\Session\Session->startSession()
#8 C:\xampp\htdocs\code4\system\Config\Services.php(692): CodeIgniter\Session\Session->start()
#9 C:\xampp\htdocs\code4\system\Config\BaseService.php(258): CodeIgniter\Config\Services::session(Object(Config\Session), false)
#10 C:\xampp\htdocs\code4\system\Config\BaseService.php(199): CodeIgniter\Config\BaseService::__callStatic('session', Array)
#11 C:\xampp\htdocs\code4\system\Config\Services.php(663): CodeIgniter\Config\BaseService::getSharedInstance('session', NULL)
#12 C:\xampp\htdocs\code4\system\Config\BaseService.php(258): CodeIgniter\Config\Services::session()
#13 C:\xampp\htdocs\code4\system\Common.php(996): CodeIgniter\Config\BaseService::__callStatic('session', Array)
#14 C:\xampp\htdocs\code4\app\Views\loginUsuario\login.php(33): session()
#15 C:\xampp\htdocs\code4\system\View\View.php(226): include('C:\\xampp\\htdocs...')
#16 C:\xampp\htdocs\code4\system\View\View.php(229): CodeIgniter\View\View->CodeIgniter\View\{closure}()
#17 C:\xampp\htdocs\code4\system\Common.php(1188): CodeIgniter\View\View->render('loginUsuario/lo...', Array, true)
#18 C:\xampp\htdocs\code4\app\Controllers\Auth.php(41): view('loginUsuario/lo...')
#19 C:\xampp\htdocs\code4\system\CodeIgniter.php(919): App\Controllers\Auth->login()
#20 C:\xampp\htdocs\code4\system\CodeIgniter.php(494): CodeIgniter\CodeIgniter->runController(Object(App\Controllers\Auth))
#21 C:\xampp\htdocs\code4\system\CodeIgniter.php(353): CodeIgniter\CodeIgniter->handleRequest(NULL, Object(Config\Cache), false)
#22 C:\xampp\htdocs\code4\public\index.php(79): CodeIgniter\CodeIgniter->run()
#23 {main}
CRITICAL - 2024-08-23 17:06:10 --> Table 'bddsastreria.ci_sessions' doesn't exist
in SYSTEMPATH\Database\BaseConnection.php on line 646.
 1 SYSTEMPATH\Database\BaseBuilder.php(1615): CodeIgniter\Database\BaseConnection->query('SELECT `data`
FROM `ci_sessions`
WHERE `id` = :id:', [...], false)
 2 SYSTEMPATH\Session\Handlers\DatabaseHandler.php(133): CodeIgniter\Database\BaseBuilder->get()
 3 [internal function]: CodeIgniter\Session\Handlers\DatabaseHandler->read('dfdke2nt559jblrh8vepdem3oepsccku')
 4 SYSTEMPATH\Session\Session.php(919): session_start()
 5 SYSTEMPATH\Session\Session.php(241): CodeIgniter\Session\Session->startSession()
 6 SYSTEMPATH\Config\Services.php(692): CodeIgniter\Session\Session->start()
 7 SYSTEMPATH\Config\BaseService.php(258): CodeIgniter\Config\Services::session(Object(Config\Session), false)
 8 SYSTEMPATH\Config\BaseService.php(199): CodeIgniter\Config\BaseService::__callStatic('session', [...])
 9 SYSTEMPATH\Config\Services.php(663): CodeIgniter\Config\BaseService::getSharedInstance('session', null)
10 SYSTEMPATH\Config\BaseService.php(258): CodeIgniter\Config\Services::session()
11 SYSTEMPATH\Common.php(996): CodeIgniter\Config\BaseService::__callStatic('session', [])
12 APPPATH\Views\loginUsuario\login.php(33): session()
13 SYSTEMPATH\View\View.php(226): include('C:\\xampp\\htdocs\\code4\\app\\Views\\loginUsuario\\login.php')
14 SYSTEMPATH\View\View.php(229): CodeIgniter\View\View->CodeIgniter\View\{closure}()
15 SYSTEMPATH\Common.php(1188): CodeIgniter\View\View->render('loginUsuario/login', [], true)
16 APPPATH\Controllers\Auth.php(41): view('loginUsuario/login')
17 SYSTEMPATH\CodeIgniter.php(919): App\Controllers\Auth->login()
18 SYSTEMPATH\CodeIgniter.php(494): CodeIgniter\CodeIgniter->runController(Object(App\Controllers\Auth))
19 SYSTEMPATH\CodeIgniter.php(353): CodeIgniter\CodeIgniter->handleRequest(null, Object(Config\Cache), false)
20 FCPATH\index.php(79): CodeIgniter\CodeIgniter->run()
ERROR - 2024-08-23 17:07:09 --> mysqli_sql_exception: Table 'bddsastreria.ci_sessions' doesn't exist in C:\xampp\htdocs\code4\system\Database\MySQLi\Connection.php:306
Stack trace:
#0 C:\xampp\htdocs\code4\system\Database\MySQLi\Connection.php(306): mysqli->query('SELECT `data`\nF...', 0)
#1 C:\xampp\htdocs\code4\system\Database\BaseConnection.php(692): CodeIgniter\Database\MySQLi\Connection->execute('SELECT `data`\nF...')
#2 C:\xampp\htdocs\code4\system\Database\BaseConnection.php(606): CodeIgniter\Database\BaseConnection->simpleQuery('SELECT `data`\nF...')
#3 C:\xampp\htdocs\code4\system\Database\BaseBuilder.php(1615): CodeIgniter\Database\BaseConnection->query('SELECT `data`\nF...', Array, false)
#4 C:\xampp\htdocs\code4\system\Session\Handlers\DatabaseHandler.php(133): CodeIgniter\Database\BaseBuilder->get()
#5 [internal function]: CodeIgniter\Session\Handlers\DatabaseHandler->read('iee087m6nupvojc...')
#6 C:\xampp\htdocs\code4\system\Session\Session.php(919): session_start()
#7 C:\xampp\htdocs\code4\system\Session\Session.php(241): CodeIgniter\Session\Session->startSession()
#8 C:\xampp\htdocs\code4\system\Config\Services.php(692): CodeIgniter\Session\Session->start()
#9 C:\xampp\htdocs\code4\system\Config\BaseService.php(258): CodeIgniter\Config\Services::session(Object(Config\Session), false)
#10 C:\xampp\htdocs\code4\system\Config\BaseService.php(199): CodeIgniter\Config\BaseService::__callStatic('session', Array)
#11 C:\xampp\htdocs\code4\system\Config\Services.php(663): CodeIgniter\Config\BaseService::getSharedInstance('session', NULL)
#12 C:\xampp\htdocs\code4\system\Config\BaseService.php(258): CodeIgniter\Config\Services::session()
#13 C:\xampp\htdocs\code4\system\Common.php(996): CodeIgniter\Config\BaseService::__callStatic('session', Array)
#14 C:\xampp\htdocs\code4\app\Views\loginUsuario\login.php(33): session()
#15 C:\xampp\htdocs\code4\system\View\View.php(226): include('C:\\xampp\\htdocs...')
#16 C:\xampp\htdocs\code4\system\View\View.php(229): CodeIgniter\View\View->CodeIgniter\View\{closure}()
#17 C:\xampp\htdocs\code4\system\Common.php(1188): CodeIgniter\View\View->render('loginUsuario/lo...', Array, true)
#18 C:\xampp\htdocs\code4\app\Controllers\Auth.php(41): view('loginUsuario/lo...')
#19 C:\xampp\htdocs\code4\system\CodeIgniter.php(919): App\Controllers\Auth->login()
#20 C:\xampp\htdocs\code4\system\CodeIgniter.php(494): CodeIgniter\CodeIgniter->runController(Object(App\Controllers\Auth))
#21 C:\xampp\htdocs\code4\system\CodeIgniter.php(353): CodeIgniter\CodeIgniter->handleRequest(NULL, Object(Config\Cache), false)
#22 C:\xampp\htdocs\code4\public\index.php(79): CodeIgniter\CodeIgniter->run()
#23 {main}
CRITICAL - 2024-08-23 17:07:09 --> Table 'bddsastreria.ci_sessions' doesn't exist
in SYSTEMPATH\Database\BaseConnection.php on line 646.
 1 SYSTEMPATH\Database\BaseBuilder.php(1615): CodeIgniter\Database\BaseConnection->query('SELECT `data`
FROM `ci_sessions`
WHERE `id` = :id:', [...], false)
 2 SYSTEMPATH\Session\Handlers\DatabaseHandler.php(133): CodeIgniter\Database\BaseBuilder->get()
 3 [internal function]: CodeIgniter\Session\Handlers\DatabaseHandler->read('iee087m6nupvojcqafjvu8qnq8gesm3g')
 4 SYSTEMPATH\Session\Session.php(919): session_start()
 5 SYSTEMPATH\Session\Session.php(241): CodeIgniter\Session\Session->startSession()
 6 SYSTEMPATH\Config\Services.php(692): CodeIgniter\Session\Session->start()
 7 SYSTEMPATH\Config\BaseService.php(258): CodeIgniter\Config\Services::session(Object(Config\Session), false)
 8 SYSTEMPATH\Config\BaseService.php(199): CodeIgniter\Config\BaseService::__callStatic('session', [...])
 9 SYSTEMPATH\Config\Services.php(663): CodeIgniter\Config\BaseService::getSharedInstance('session', null)
10 SYSTEMPATH\Config\BaseService.php(258): CodeIgniter\Config\Services::session()
11 SYSTEMPATH\Common.php(996): CodeIgniter\Config\BaseService::__callStatic('session', [])
12 APPPATH\Views\loginUsuario\login.php(33): session()
13 SYSTEMPATH\View\View.php(226): include('C:\\xampp\\htdocs\\code4\\app\\Views\\loginUsuario\\login.php')
14 SYSTEMPATH\View\View.php(229): CodeIgniter\View\View->CodeIgniter\View\{closure}()
15 SYSTEMPATH\Common.php(1188): CodeIgniter\View\View->render('loginUsuario/login', [], true)
16 APPPATH\Controllers\Auth.php(41): view('loginUsuario/login')
17 SYSTEMPATH\CodeIgniter.php(919): App\Controllers\Auth->login()
18 SYSTEMPATH\CodeIgniter.php(494): CodeIgniter\CodeIgniter->runController(Object(App\Controllers\Auth))
19 SYSTEMPATH\CodeIgniter.php(353): CodeIgniter\CodeIgniter->handleRequest(null, Object(Config\Cache), false)
20 FCPATH\index.php(79): CodeIgniter\CodeIgniter->run()
ERROR - 2024-08-23 17:08:53 --> mysqli_sql_exception: Table 'bddsastreria.ci_sessions' doesn't exist in C:\xampp\htdocs\code4\system\Database\MySQLi\Connection.php:306
Stack trace:
#0 C:\xampp\htdocs\code4\system\Database\MySQLi\Connection.php(306): mysqli->query('SELECT `data`\nF...', 0)
#1 C:\xampp\htdocs\code4\system\Database\BaseConnection.php(692): CodeIgniter\Database\MySQLi\Connection->execute('SELECT `data`\nF...')
#2 C:\xampp\htdocs\code4\system\Database\BaseConnection.php(606): CodeIgniter\Database\BaseConnection->simpleQuery('SELECT `data`\nF...')
#3 C:\xampp\htdocs\code4\system\Database\BaseBuilder.php(1615): CodeIgniter\Database\BaseConnection->query('SELECT `data`\nF...', Array, false)
#4 C:\xampp\htdocs\code4\system\Session\Handlers\DatabaseHandler.php(133): CodeIgniter\Database\BaseBuilder->get()
#5 [internal function]: CodeIgniter\Session\Handlers\DatabaseHandler->read('iee087m6nupvojc...')
#6 C:\xampp\htdocs\code4\system\Session\Session.php(919): session_start()
#7 C:\xampp\htdocs\code4\system\Session\Session.php(241): CodeIgniter\Session\Session->startSession()
#8 C:\xampp\htdocs\code4\system\Config\Services.php(692): CodeIgniter\Session\Session->start()
#9 C:\xampp\htdocs\code4\system\Config\BaseService.php(258): CodeIgniter\Config\Services::session(Object(Config\Session), false)
#10 C:\xampp\htdocs\code4\system\Config\BaseService.php(199): CodeIgniter\Config\BaseService::__callStatic('session', Array)
#11 C:\xampp\htdocs\code4\system\Config\Services.php(663): CodeIgniter\Config\BaseService::getSharedInstance('session', NULL)
#12 C:\xampp\htdocs\code4\system\Config\BaseService.php(258): CodeIgniter\Config\Services::session()
#13 C:\xampp\htdocs\code4\system\Common.php(996): CodeIgniter\Config\BaseService::__callStatic('session', Array)
#14 C:\xampp\htdocs\code4\app\Views\loginUsuario\login.php(33): session()
#15 C:\xampp\htdocs\code4\system\View\View.php(226): include('C:\\xampp\\htdocs...')
#16 C:\xampp\htdocs\code4\system\View\View.php(229): CodeIgniter\View\View->CodeIgniter\View\{closure}()
#17 C:\xampp\htdocs\code4\system\Common.php(1188): CodeIgniter\View\View->render('loginUsuario/lo...', Array, true)
#18 C:\xampp\htdocs\code4\app\Controllers\Auth.php(41): view('loginUsuario/lo...')
#19 C:\xampp\htdocs\code4\system\CodeIgniter.php(919): App\Controllers\Auth->login()
#20 C:\xampp\htdocs\code4\system\CodeIgniter.php(494): CodeIgniter\CodeIgniter->runController(Object(App\Controllers\Auth))
#21 C:\xampp\htdocs\code4\system\CodeIgniter.php(353): CodeIgniter\CodeIgniter->handleRequest(NULL, Object(Config\Cache), false)
#22 C:\xampp\htdocs\code4\public\index.php(79): CodeIgniter\CodeIgniter->run()
#23 {main}
CRITICAL - 2024-08-23 17:08:53 --> Table 'bddsastreria.ci_sessions' doesn't exist
in SYSTEMPATH\Database\BaseConnection.php on line 646.
 1 SYSTEMPATH\Database\BaseBuilder.php(1615): CodeIgniter\Database\BaseConnection->query('SELECT `data`
FROM `ci_sessions`
WHERE `id` = :id:', [...], false)
 2 SYSTEMPATH\Session\Handlers\DatabaseHandler.php(133): CodeIgniter\Database\BaseBuilder->get()
 3 [internal function]: CodeIgniter\Session\Handlers\DatabaseHandler->read('iee087m6nupvojcqafjvu8qnq8gesm3g')
 4 SYSTEMPATH\Session\Session.php(919): session_start()
 5 SYSTEMPATH\Session\Session.php(241): CodeIgniter\Session\Session->startSession()
 6 SYSTEMPATH\Config\Services.php(692): CodeIgniter\Session\Session->start()
 7 SYSTEMPATH\Config\BaseService.php(258): CodeIgniter\Config\Services::session(Object(Config\Session), false)
 8 SYSTEMPATH\Config\BaseService.php(199): CodeIgniter\Config\BaseService::__callStatic('session', [...])
 9 SYSTEMPATH\Config\Services.php(663): CodeIgniter\Config\BaseService::getSharedInstance('session', null)
10 SYSTEMPATH\Config\BaseService.php(258): CodeIgniter\Config\Services::session()
11 SYSTEMPATH\Common.php(996): CodeIgniter\Config\BaseService::__callStatic('session', [])
12 APPPATH\Views\loginUsuario\login.php(33): session()
13 SYSTEMPATH\View\View.php(226): include('C:\\xampp\\htdocs\\code4\\app\\Views\\loginUsuario\\login.php')
14 SYSTEMPATH\View\View.php(229): CodeIgniter\View\View->CodeIgniter\View\{closure}()
15 SYSTEMPATH\Common.php(1188): CodeIgniter\View\View->render('loginUsuario/login', [], true)
16 APPPATH\Controllers\Auth.php(41): view('loginUsuario/login')
17 SYSTEMPATH\CodeIgniter.php(919): App\Controllers\Auth->login()
18 SYSTEMPATH\CodeIgniter.php(494): CodeIgniter\CodeIgniter->runController(Object(App\Controllers\Auth))
19 SYSTEMPATH\CodeIgniter.php(353): CodeIgniter\CodeIgniter->handleRequest(null, Object(Config\Cache), false)
20 FCPATH\index.php(79): CodeIgniter\CodeIgniter->run()
ERROR - 2024-08-23 23:21:04 --> Contrasea incorrecta para el usuario: a@gmail.com
ERROR - 2024-08-23 23:22:17 --> Usuario no encontrado: faf@gmail.com
