ERROR - 2024-10-17 23:10:54 --> mysqli_sql_exception: Cannot delete or update a parent row: a foreign key constraint fails (`bddsastreria`.`venta`, CONSTRAINT `fk_venta_confeccion1` FOREIGN KEY (`idConfeccion`, `idUsuario`) REFERENCES `confeccion` (`id`, `idUsuario`)) in C:\xampp\htdocs\code4\system\Database\MySQLi\Connection.php:306
Stack trace:
#0 C:\xampp\htdocs\code4\system\Database\MySQLi\Connection.php(306): mysqli->query('DELETE FROM `co...', 0)
#1 C:\xampp\htdocs\code4\system\Database\BaseConnection.php(692): CodeIgniter\Database\MySQLi\Connection->execute('DELETE FROM `co...')
#2 C:\xampp\htdocs\code4\system\Database\BaseConnection.php(606): CodeIgniter\Database\BaseConnection->simpleQuery('DELETE FROM `co...')
#3 C:\xampp\htdocs\code4\system\Database\BaseBuilder.php(2790): CodeIgniter\Database\BaseConnection->query('DELETE FROM `co...', Array, false)
#4 C:\xampp\htdocs\code4\system\Model.php(445): CodeIgniter\Database\BaseBuilder->delete()
#5 C:\xampp\htdocs\code4\system\BaseModel.php(1080): CodeIgniter\Model->doDelete(Array, false)
#6 C:\xampp\htdocs\code4\app\Controllers\Confeccions.php(125): CodeIgniter\BaseModel->delete(Array)
#7 C:\xampp\htdocs\code4\system\CodeIgniter.php(919): App\Controllers\Confeccions->borrar('8')
#8 C:\xampp\htdocs\code4\system\CodeIgniter.php(494): CodeIgniter\CodeIgniter->runController(Object(App\Controllers\Confeccions))
#9 C:\xampp\htdocs\code4\system\CodeIgniter.php(353): CodeIgniter\CodeIgniter->handleRequest(NULL, Object(Config\Cache), false)
#10 C:\xampp\htdocs\code4\public\index.php(79): CodeIgniter\CodeIgniter->run()
#11 {main}
CRITICAL - 2024-10-17 23:10:54 --> Cannot delete or update a parent row: a foreign key constraint fails (`bddsastreria`.`venta`, CONSTRAINT `fk_venta_confeccion1` FOREIGN KEY (`idConfeccion`, `idUsuario`) REFERENCES `confeccion` (`id`, `idUsuario`))
in SYSTEMPATH\Database\BaseConnection.php on line 646.
 1 SYSTEMPATH\Database\BaseBuilder.php(2790): CodeIgniter\Database\BaseConnection->query('DELETE FROM `confeccion`
WHERE `id` IN :id:', [...], false)
 2 SYSTEMPATH\Model.php(445): CodeIgniter\Database\BaseBuilder->delete()
 3 SYSTEMPATH\BaseModel.php(1080): CodeIgniter\Model->doDelete([...], false)
 4 APPPATH\Controllers\Confeccions.php(125): CodeIgniter\BaseModel->delete([...])
 5 SYSTEMPATH\CodeIgniter.php(919): App\Controllers\Confeccions->borrar('8')
 6 SYSTEMPATH\CodeIgniter.php(494): CodeIgniter\CodeIgniter->runController(Object(App\Controllers\Confeccions))
 7 SYSTEMPATH\CodeIgniter.php(353): CodeIgniter\CodeIgniter->handleRequest(null, Object(Config\Cache), false)
 8 FCPATH\index.php(79): CodeIgniter\CodeIgniter->run()
ERROR - 2024-10-17 23:11:09 --> mysqli_sql_exception: Cannot delete or update a parent row: a foreign key constraint fails (`bddsastreria`.`venta`, CONSTRAINT `fk_venta_confeccion1` FOREIGN KEY (`idConfeccion`, `idUsuario`) REFERENCES `confeccion` (`id`, `idUsuario`)) in C:\xampp\htdocs\code4\system\Database\MySQLi\Connection.php:306
Stack trace:
#0 C:\xampp\htdocs\code4\system\Database\MySQLi\Connection.php(306): mysqli->query('DELETE FROM `co...', 0)
#1 C:\xampp\htdocs\code4\system\Database\BaseConnection.php(692): CodeIgniter\Database\MySQLi\Connection->execute('DELETE FROM `co...')
#2 C:\xampp\htdocs\code4\system\Database\BaseConnection.php(606): CodeIgniter\Database\BaseConnection->simpleQuery('DELETE FROM `co...')
#3 C:\xampp\htdocs\code4\system\Database\BaseBuilder.php(2790): CodeIgniter\Database\BaseConnection->query('DELETE FROM `co...', Array, false)
#4 C:\xampp\htdocs\code4\system\Model.php(445): CodeIgniter\Database\BaseBuilder->delete()
#5 C:\xampp\htdocs\code4\system\BaseModel.php(1080): CodeIgniter\Model->doDelete(Array, false)
#6 C:\xampp\htdocs\code4\app\Controllers\Confeccions.php(125): CodeIgniter\BaseModel->delete(Array)
#7 C:\xampp\htdocs\code4\system\CodeIgniter.php(919): App\Controllers\Confeccions->borrar('8')
#8 C:\xampp\htdocs\code4\system\CodeIgniter.php(494): CodeIgniter\CodeIgniter->runController(Object(App\Controllers\Confeccions))
#9 C:\xampp\htdocs\code4\system\CodeIgniter.php(353): CodeIgniter\CodeIgniter->handleRequest(NULL, Object(Config\Cache), false)
#10 C:\xampp\htdocs\code4\public\index.php(79): CodeIgniter\CodeIgniter->run()
#11 {main}
CRITICAL - 2024-10-17 23:11:09 --> Cannot delete or update a parent row: a foreign key constraint fails (`bddsastreria`.`venta`, CONSTRAINT `fk_venta_confeccion1` FOREIGN KEY (`idConfeccion`, `idUsuario`) REFERENCES `confeccion` (`id`, `idUsuario`))
in SYSTEMPATH\Database\BaseConnection.php on line 646.
 1 SYSTEMPATH\Database\BaseBuilder.php(2790): CodeIgniter\Database\BaseConnection->query('DELETE FROM `confeccion`
WHERE `id` IN :id:', [...], false)
 2 SYSTEMPATH\Model.php(445): CodeIgniter\Database\BaseBuilder->delete()
 3 SYSTEMPATH\BaseModel.php(1080): CodeIgniter\Model->doDelete([...], false)
 4 APPPATH\Controllers\Confeccions.php(125): CodeIgniter\BaseModel->delete([...])
 5 SYSTEMPATH\CodeIgniter.php(919): App\Controllers\Confeccions->borrar('8')
 6 SYSTEMPATH\CodeIgniter.php(494): CodeIgniter\CodeIgniter->runController(Object(App\Controllers\Confeccions))
 7 SYSTEMPATH\CodeIgniter.php(353): CodeIgniter\CodeIgniter->handleRequest(null, Object(Config\Cache), false)
 8 FCPATH\index.php(79): CodeIgniter\CodeIgniter->run()
