CRITICAL - 2024-09-26 03:32:28 --> syntax error, unexpected end of file, expecting "elseif" or "else" or "endif"
in APPPATH\Views\bddclientes\cliente.php on line 429.
 1 SYSTEMPATH\View\View.php(229): CodeIgniter\View\View->CodeIgniter\View\{closure}()
 2 SYSTEMPATH\Common.php(1188): CodeIgniter\View\View->render('bddclientes/cliente', [], true)
 3 APPPATH\Controllers\Clientes.php(23): view('bddclientes/cliente', [...])
 4 SYSTEMPATH\CodeIgniter.php(919): App\Controllers\Clientes->index()
 5 SYSTEMPATH\CodeIgniter.php(494): CodeIgniter\CodeIgniter->runController(Object(App\Controllers\Clientes))
 6 SYSTEMPATH\CodeIgniter.php(353): CodeIgniter\CodeIgniter->handleRequest(null, Object(Config\Cache), false)
 7 FCPATH\index.php(79): CodeIgniter\CodeIgniter->run()
CRITICAL - 2024-09-26 03:33:07 --> syntax error, unexpected end of file, expecting "elseif" or "else" or "endif"
in APPPATH\Views\bddclientes\cliente.php on line 429.
 1 SYSTEMPATH\View\View.php(229): CodeIgniter\View\View->CodeIgniter\View\{closure}()
 2 SYSTEMPATH\Common.php(1188): CodeIgniter\View\View->render('bddclientes/cliente', [], true)
 3 APPPATH\Controllers\Clientes.php(23): view('bddclientes/cliente', [...])
 4 SYSTEMPATH\CodeIgniter.php(919): App\Controllers\Clientes->index()
 5 SYSTEMPATH\CodeIgniter.php(494): CodeIgniter\CodeIgniter->runController(Object(App\Controllers\Clientes))
 6 SYSTEMPATH\CodeIgniter.php(353): CodeIgniter\CodeIgniter->handleRequest(null, Object(Config\Cache), false)
 7 FCPATH\index.php(79): CodeIgniter\CodeIgniter->run()
CRITICAL - 2024-09-26 04:10:23 --> Undefined variable $clientes
in APPPATH\Views\venta\venta.php on line 386.
 1 APPPATH\Views\venta\venta.php(386): CodeIgniter\Debug\Exceptions->errorHandler(2, 'Undefined variable $clientes', 'C:\\xampp\\htdocs\\code4\\app\\Views\\venta\\venta.php', 386)
 2 SYSTEMPATH\View\View.php(226): include('C:\\xampp\\htdocs\\code4\\app\\Views\\venta\\venta.php')
 3 SYSTEMPATH\View\View.php(229): CodeIgniter\View\View->CodeIgniter\View\{closure}()
 4 SYSTEMPATH\Common.php(1188): CodeIgniter\View\View->render('venta/venta', [], true)
 5 APPPATH\Controllers\Ventas.php(18): view('venta/venta', [...])
 6 SYSTEMPATH\CodeIgniter.php(919): App\Controllers\Ventas->index()
 7 SYSTEMPATH\CodeIgniter.php(494): CodeIgniter\CodeIgniter->runController(Object(App\Controllers\Ventas))
 8 SYSTEMPATH\CodeIgniter.php(353): CodeIgniter\CodeIgniter->handleRequest(null, Object(Config\Cache), false)
 9 FCPATH\index.php(79): CodeIgniter\CodeIgniter->run()
