CRITICAL - 2024-09-30 18:22:51 --> Trying to access array offset on value of type null
in APPPATH\Views\bddclientes\editar.php on line 21.
 1 APPPATH\Views\bddclientes\editar.php(21): CodeIgniter\Debug\Exceptions->errorHandler(2, 'Trying to access array offset on value of type null', 'C:\\xampp\\htdocs\\code4\\app\\Views\\bddclientes\\editar.php', 21)
 2 SYSTEMPATH\View\View.php(226): include('C:\\xampp\\htdocs\\code4\\app\\Views\\bddclientes\\editar.php')
 3 SYSTEMPATH\View\View.php(229): CodeIgniter\View\View->CodeIgniter\View\{closure}()
 4 SYSTEMPATH\Common.php(1188): CodeIgniter\View\View->render('bddclientes/editar', [], true)
 5 APPPATH\Controllers\Clientes.php(182): view('bddclientes/editar', [...])
 6 SYSTEMPATH\CodeIgniter.php(919): App\Controllers\Clientes->editar('1')
 7 SYSTEMPATH\CodeIgniter.php(494): CodeIgniter\CodeIgniter->runController(Object(App\Controllers\Clientes))
 8 SYSTEMPATH\CodeIgniter.php(353): CodeIgniter\CodeIgniter->handleRequest(null, Object(Config\Cache), false)
 9 FCPATH\index.php(79): CodeIgniter\CodeIgniter->run()
CRITICAL - 2024-09-30 18:23:31 --> Undefined array key "cliente_id"
in APPPATH\Views\datos\datosTrajeMasculino.php on line 390.
 1 APPPATH\Views\datos\datosTrajeMasculino.php(390): CodeIgniter\Debug\Exceptions->errorHandler(2, 'Undefined array key "cliente_id"', 'C:\\xampp\\htdocs\\code4\\app\\Views\\datos\\datosTrajeMasculino.php', 390)
 2 SYSTEMPATH\View\View.php(226): include('C:\\xampp\\htdocs\\code4\\app\\Views\\datos\\datosTrajeMasculino.php')
 3 SYSTEMPATH\View\View.php(229): CodeIgniter\View\View->CodeIgniter\View\{closure}()
 4 SYSTEMPATH\Common.php(1188): CodeIgniter\View\View->render('datos/datosTrajeMasculino', [], true)
 5 APPPATH\Controllers\TrajeMasculinos.php(51): view('datos/datosTrajeMasculino', [...])
 6 SYSTEMPATH\CodeIgniter.php(919): App\Controllers\TrajeMasculinos->index()
 7 SYSTEMPATH\CodeIgniter.php(494): CodeIgniter\CodeIgniter->runController(Object(App\Controllers\TrajeMasculinos))
 8 SYSTEMPATH\CodeIgniter.php(353): CodeIgniter\CodeIgniter->handleRequest(null, Object(Config\Cache), false)
 9 FCPATH\index.php(79): CodeIgniter\CodeIgniter->run()
CRITICAL - 2024-09-30 18:23:34 --> Undefined array key "cliente_id"
in APPPATH\Views\datos\datosTrajeMasculino.php on line 390.
 1 APPPATH\Views\datos\datosTrajeMasculino.php(390): CodeIgniter\Debug\Exceptions->errorHandler(2, 'Undefined array key "cliente_id"', 'C:\\xampp\\htdocs\\code4\\app\\Views\\datos\\datosTrajeMasculino.php', 390)
 2 SYSTEMPATH\View\View.php(226): include('C:\\xampp\\htdocs\\code4\\app\\Views\\datos\\datosTrajeMasculino.php')
 3 SYSTEMPATH\View\View.php(229): CodeIgniter\View\View->CodeIgniter\View\{closure}()
 4 SYSTEMPATH\Common.php(1188): CodeIgniter\View\View->render('datos/datosTrajeMasculino', [], true)
 5 APPPATH\Controllers\TrajeMasculinos.php(51): view('datos/datosTrajeMasculino', [...])
 6 SYSTEMPATH\CodeIgniter.php(919): App\Controllers\TrajeMasculinos->index()
 7 SYSTEMPATH\CodeIgniter.php(494): CodeIgniter\CodeIgniter->runController(Object(App\Controllers\TrajeMasculinos))
 8 SYSTEMPATH\CodeIgniter.php(353): CodeIgniter\CodeIgniter->handleRequest(null, Object(Config\Cache), false)
 9 FCPATH\index.php(79): CodeIgniter\CodeIgniter->run()
CRITICAL - 2024-09-30 18:23:46 --> Undefined array key "cliente_id"
in APPPATH\Views\datos\datosTrajeMasculino.php on line 390.
 1 APPPATH\Views\datos\datosTrajeMasculino.php(390): CodeIgniter\Debug\Exceptions->errorHandler(2, 'Undefined array key "cliente_id"', 'C:\\xampp\\htdocs\\code4\\app\\Views\\datos\\datosTrajeMasculino.php', 390)
 2 SYSTEMPATH\View\View.php(226): include('C:\\xampp\\htdocs\\code4\\app\\Views\\datos\\datosTrajeMasculino.php')
 3 SYSTEMPATH\View\View.php(229): CodeIgniter\View\View->CodeIgniter\View\{closure}()
 4 SYSTEMPATH\Common.php(1188): CodeIgniter\View\View->render('datos/datosTrajeMasculino', [], true)
 5 APPPATH\Controllers\TrajeMasculinos.php(51): view('datos/datosTrajeMasculino', [...])
 6 SYSTEMPATH\CodeIgniter.php(919): App\Controllers\TrajeMasculinos->index()
 7 SYSTEMPATH\CodeIgniter.php(494): CodeIgniter\CodeIgniter->runController(Object(App\Controllers\TrajeMasculinos))
 8 SYSTEMPATH\CodeIgniter.php(353): CodeIgniter\CodeIgniter->handleRequest(null, Object(Config\Cache), false)
 9 FCPATH\index.php(79): CodeIgniter\CodeIgniter->run()
CRITICAL - 2024-09-30 18:23:50 --> Undefined array key "cliente_id"
in APPPATH\Views\datos\datosTrajeMasculino.php on line 390.
 1 APPPATH\Views\datos\datosTrajeMasculino.php(390): CodeIgniter\Debug\Exceptions->errorHandler(2, 'Undefined array key "cliente_id"', 'C:\\xampp\\htdocs\\code4\\app\\Views\\datos\\datosTrajeMasculino.php', 390)
 2 SYSTEMPATH\View\View.php(226): include('C:\\xampp\\htdocs\\code4\\app\\Views\\datos\\datosTrajeMasculino.php')
 3 SYSTEMPATH\View\View.php(229): CodeIgniter\View\View->CodeIgniter\View\{closure}()
 4 SYSTEMPATH\Common.php(1188): CodeIgniter\View\View->render('datos/datosTrajeMasculino', [], true)
 5 APPPATH\Controllers\TrajeMasculinos.php(51): view('datos/datosTrajeMasculino', [...])
 6 SYSTEMPATH\CodeIgniter.php(919): App\Controllers\TrajeMasculinos->index()
 7 SYSTEMPATH\CodeIgniter.php(494): CodeIgniter\CodeIgniter->runController(Object(App\Controllers\TrajeMasculinos))
 8 SYSTEMPATH\CodeIgniter.php(353): CodeIgniter\CodeIgniter->handleRequest(null, Object(Config\Cache), false)
 9 FCPATH\index.php(79): CodeIgniter\CodeIgniter->run()
CRITICAL - 2024-09-30 18:23:55 --> Undefined array key "cliente_id"
in APPPATH\Views\datos\datosTrajeMasculino.php on line 390.
 1 APPPATH\Views\datos\datosTrajeMasculino.php(390): CodeIgniter\Debug\Exceptions->errorHandler(2, 'Undefined array key "cliente_id"', 'C:\\xampp\\htdocs\\code4\\app\\Views\\datos\\datosTrajeMasculino.php', 390)
 2 SYSTEMPATH\View\View.php(226): include('C:\\xampp\\htdocs\\code4\\app\\Views\\datos\\datosTrajeMasculino.php')
 3 SYSTEMPATH\View\View.php(229): CodeIgniter\View\View->CodeIgniter\View\{closure}()
 4 SYSTEMPATH\Common.php(1188): CodeIgniter\View\View->render('datos/datosTrajeMasculino', [], true)
 5 APPPATH\Controllers\TrajeMasculinos.php(51): view('datos/datosTrajeMasculino', [...])
 6 SYSTEMPATH\CodeIgniter.php(919): App\Controllers\TrajeMasculinos->index()
 7 SYSTEMPATH\CodeIgniter.php(494): CodeIgniter\CodeIgniter->runController(Object(App\Controllers\TrajeMasculinos))
 8 SYSTEMPATH\CodeIgniter.php(353): CodeIgniter\CodeIgniter->handleRequest(null, Object(Config\Cache), false)
 9 FCPATH\index.php(79): CodeIgniter\CodeIgniter->run()
CRITICAL - 2024-09-30 18:23:59 --> Undefined array key "cliente_id"
in APPPATH\Views\datos\datosTrajeMasculino.php on line 390.
 1 APPPATH\Views\datos\datosTrajeMasculino.php(390): CodeIgniter\Debug\Exceptions->errorHandler(2, 'Undefined array key "cliente_id"', 'C:\\xampp\\htdocs\\code4\\app\\Views\\datos\\datosTrajeMasculino.php', 390)
 2 SYSTEMPATH\View\View.php(226): include('C:\\xampp\\htdocs\\code4\\app\\Views\\datos\\datosTrajeMasculino.php')
 3 SYSTEMPATH\View\View.php(229): CodeIgniter\View\View->CodeIgniter\View\{closure}()
 4 SYSTEMPATH\Common.php(1188): CodeIgniter\View\View->render('datos/datosTrajeMasculino', [], true)
 5 APPPATH\Controllers\TrajeMasculinos.php(51): view('datos/datosTrajeMasculino', [...])
 6 SYSTEMPATH\CodeIgniter.php(919): App\Controllers\TrajeMasculinos->index()
 7 SYSTEMPATH\CodeIgniter.php(494): CodeIgniter\CodeIgniter->runController(Object(App\Controllers\TrajeMasculinos))
 8 SYSTEMPATH\CodeIgniter.php(353): CodeIgniter\CodeIgniter->handleRequest(null, Object(Config\Cache), false)
 9 FCPATH\index.php(79): CodeIgniter\CodeIgniter->run()
CRITICAL - 2024-09-30 18:24:04 --> Undefined array key "cliente_id"
in APPPATH\Views\datos\datosTrajeMasculino.php on line 390.
 1 APPPATH\Views\datos\datosTrajeMasculino.php(390): CodeIgniter\Debug\Exceptions->errorHandler(2, 'Undefined array key "cliente_id"', 'C:\\xampp\\htdocs\\code4\\app\\Views\\datos\\datosTrajeMasculino.php', 390)
 2 SYSTEMPATH\View\View.php(226): include('C:\\xampp\\htdocs\\code4\\app\\Views\\datos\\datosTrajeMasculino.php')
 3 SYSTEMPATH\View\View.php(229): CodeIgniter\View\View->CodeIgniter\View\{closure}()
 4 SYSTEMPATH\Common.php(1188): CodeIgniter\View\View->render('datos/datosTrajeMasculino', [], true)
 5 APPPATH\Controllers\TrajeMasculinos.php(51): view('datos/datosTrajeMasculino', [...])
 6 SYSTEMPATH\CodeIgniter.php(919): App\Controllers\TrajeMasculinos->index()
 7 SYSTEMPATH\CodeIgniter.php(494): CodeIgniter\CodeIgniter->runController(Object(App\Controllers\TrajeMasculinos))
 8 SYSTEMPATH\CodeIgniter.php(353): CodeIgniter\CodeIgniter->handleRequest(null, Object(Config\Cache), false)
 9 FCPATH\index.php(79): CodeIgniter\CodeIgniter->run()
CRITICAL - 2024-09-30 18:24:59 --> Undefined array key "cliente_id"
in APPPATH\Views\datos\datosTrajeMasculino.php on line 402.
 1 APPPATH\Views\datos\datosTrajeMasculino.php(402): CodeIgniter\Debug\Exceptions->errorHandler(2, 'Undefined array key "cliente_id"', 'C:\\xampp\\htdocs\\code4\\app\\Views\\datos\\datosTrajeMasculino.php', 402)
 2 SYSTEMPATH\View\View.php(226): include('C:\\xampp\\htdocs\\code4\\app\\Views\\datos\\datosTrajeMasculino.php')
 3 SYSTEMPATH\View\View.php(229): CodeIgniter\View\View->CodeIgniter\View\{closure}()
 4 SYSTEMPATH\Common.php(1188): CodeIgniter\View\View->render('datos/datosTrajeMasculino', [], true)
 5 APPPATH\Controllers\TrajeMasculinos.php(51): view('datos/datosTrajeMasculino', [...])
 6 SYSTEMPATH\CodeIgniter.php(919): App\Controllers\TrajeMasculinos->index()
 7 SYSTEMPATH\CodeIgniter.php(494): CodeIgniter\CodeIgniter->runController(Object(App\Controllers\TrajeMasculinos))
 8 SYSTEMPATH\CodeIgniter.php(353): CodeIgniter\CodeIgniter->handleRequest(null, Object(Config\Cache), false)
 9 FCPATH\index.php(79): CodeIgniter\CodeIgniter->run()
